#
# A fatal error has been detected by the Java Runtime Environment:
#
#  SIGSEGV (0xb) at pc=0x00007fc4f278be95, pid=21024, tid=25968
#
# JRE version: OpenJDK Runtime Environment Temurin-17.0.2+8 (17.0.2+8) (build 17.0.2+8)
# Java VM: OpenJDK 64-Bit Server VM Temurin-17.0.2+8 (17.0.2+8, mixed mode, emulated-client, tiered, compressed oops, compressed class ptrs, g1 gc, linux-amd64)
# Problematic frame:
# J 4308 c1 java.util.concurrent.CompletableFuture.postComplete()V java.base@17.0.2 (94 bytes) @ 0x00007fc4f278be95 [0x00007fc4f278b8c0+0x00000000000005d5]
#
# No core dump will be written. Core dumps have been disabled. To enable core dumping, try "ulimit -c unlimited" before starting Java again
#
# If you would like to submit a bug report, please visit:
#   https://github.com/adoptium/adoptium-support/issues
#

---------------  S U M M A R Y ------------

Command Line: -Dsts.lsp.client=vscode -Dsts.log.file=/dev/null -XX:TieredStopAtLevel=1 -Dspring.config.location=file:/home/leonardo/.vscode/extensions/pivotal.vscode-spring-boot-1.33.0/language-server/BOOT-INF/classes/application.properties org.springframework.ide.vscode.boot.app.BootLanguageServerBootApp

Host: AMD Ryzen 5 3600 6-Core Processor, 12 cores, 15G, Debian GNU/Linux 11 (bullseye)
Time: Thu May 12 23:34:16 2022 -03 elapsed time: 1801.378919 seconds (0d 0h 30m 1s)

---------------  T H R E A D  ---------------

Current thread (0x00007fc468008ac0):  JavaThread "process reaper" daemon [_thread_in_Java, id=25968, stack(0x00007fc4db8af000,0x00007fc4db8d1000)]

Stack: [0x00007fc4db8af000,0x00007fc4db8d1000],  sp=0x00007fc4db8cf718,  free space=129k
Native frames: (J=compiled Java code, j=interpreted, Vv=VM code, C=native code)
J 4308 c1 java.util.concurrent.CompletableFuture.postComplete()V java.base@17.0.2 (94 bytes) @ 0x00007fc4f278be95 [0x00007fc4f278b8c0+0x00000000000005d5]

[error occurred during error reporting (printing native stack), id 0xb, SIGSEGV (0xb) at pc=0x00007fc4ff270493]


siginfo: si_signo: 11 (SIGSEGV), si_code: 1 (SEGV_MAPERR), si_addr: 0x00007fc3e8008e00

Register to memory mapping:

RAX=0x0 is NULL
RBX=0x00007fc4db8cf560 is pointing into the stack for thread: 0x00007fc468008ac0
RCX=0x0000000000000010 is an unknown value
RDX=0x00000007095773c0 is an oop: java.lang.ProcessHandleImpl$ExitCompletion 
{0x00000007095773c0} - klass: 'java/lang/ProcessHandleImpl$ExitCompletion'
 - ---- fields (total size 3 words):
 - volatile 'result' 'Ljava/lang/Object;' @12  a 'java/lang/Integer'{0x0000000705f633c8} = 0 (e0bec679)
 - volatile 'stack' 'Ljava/util/concurrent/CompletableFuture$Completion;' @16  NULL (0)
 - final 'isReaping' 'Z' @20  true
RSP=0x00007fc4db8cf718 is pointing into the stack for thread: 0x00007fc468008ac0
RBP=0x00007fc4db8cf8a8 is pointing into the stack for thread: 0x00007fc468008ac0
RSI=0x00000007095773c0 is an oop: java.lang.ProcessHandleImpl$ExitCompletion 
{0x00000007095773c0} - klass: 'java/lang/ProcessHandleImpl$ExitCompletion'
 - ---- fields (total size 3 words):
 - volatile 'result' 'Ljava/lang/Object;' @12  a 'java/lang/Integer'{0x0000000705f633c8} = 0 (e0bec679)
 - volatile 'stack' 'Ljava/util/concurrent/CompletableFuture$Completion;' @16  NULL (0)
 - final 'isReaping' 'Z' @20  true
RDI=0x00000007095773c0 is an oop: java.lang.ProcessHandleImpl$ExitCompletion 
{0x00000007095773c0} - klass: 'java/lang/ProcessHandleImpl$ExitCompletion'
 - ---- fields (total size 3 words):
 - volatile 'result' 'Ljava/lang/Object;' @12  a 'java/lang/Integer'{0x0000000705f633c8} = 0 (e0bec679)
 - volatile 'stack' 'Ljava/util/concurrent/CompletableFuture$Completion;' @16  NULL (0)
 - final 'isReaping' 'Z' @20  true
R8 =0x000000000000384a is an unknown value
R9 =0x0000000709571210 is an oop: java.io.FileDescriptor 
{0x0000000709571210} - klass: 'java/io/FileDescriptor'
 - ---- fields (total size 5 words):
 - private 'fd' 'I' @12  -1 (ffffffff)
 - private 'handle' 'J' @16  -1 (ffffffff ffffffff)
 - private 'closed' 'Z' @24  true
 - private 'append' 'Z' @25  false
 - private 'parent' 'Ljava/io/Closeable;' @28  a 'java/io/FileOutputStream'{0x00000007095711f0} (e12ae23e)
 - private 'otherParents' 'Ljava/util/List;' @32  NULL (0)
 - private 'cleanup' 'Ljdk/internal/ref/PhantomCleanable;' @36  NULL (0)
R10=0x00007fc5005ea000 points into unknown readable memory: 0x0000000000000000 | 00 00 00 00 00 00 00 00
R11=0x00007fc4f26d1a80 is at entry_point+32 in (nmethod*)0x00007fc4f26d1890
R12=0x0 is NULL
R13=0x00007fc4f278be5c is at entry_point+1436 in (nmethod*)0x00007fc4f278b590
R14=0x00007fc4db8cf550 is pointing into the stack for thread: 0x00007fc468008ac0
R15=0x00007fc468008ac0 is a thread


Registers:
RAX=0x0000000000000000, RBX=0x00007fc4db8cf560, RCX=0x0000000000000010, RDX=0x00000007095773c0
RSP=0x00007fc4db8cf718, RBP=0x00007fc4db8cf8a8, RSI=0x00000007095773c0, RDI=0x00000007095773c0
R8 =0x000000000000384a, R9 =0x0000000709571210, R10=0x00007fc5005ea000, R11=0x00007fc4f26d1a80
R12=0x0000000000000000, R13=0x00007fc4f278be5c, R14=0x00007fc4db8cf550, R15=0x00007fc468008ac0
RIP=0x00007fc4f278be95, EFLAGS=0x0000000000010202, CSGSFS=0x002b000000000033, ERR=0x0000000000000004
  TRAPNO=0x000000000000000e

Top of Stack: (sp=0x00007fc4db8cf718)
0x00007fc4db8cf718:   00007fc4f27244dc 00000007095773cc
0x00007fc4db8cf728:   0000000000000000 0000000000000030
0x00007fc4db8cf738:   0000000800007b58 0000000709570d08
0x00007fc4db8cf748:   0000000000000000 0000000708819828 

Instructions: (pc=0x00007fc4f278be95)
0x00007fc4f278bd95:   84 4b 00 00 00 48 83 fb 00 0f 84 29 00 00 00 48
0x00007fc4f278bda5:   b9 e0 8f 26 00 08 00 00 00 8b 7b 08 49 ba 00 00
0x00007fc4f278bdb5:   00 00 08 00 00 00 49 03 fa 48 3b 4f 40 0f 85 05
0x00007fc4f278bdc5:   00 00 00 e9 05 00 00 00 48 33 c0 eb 0a 48 b8 01
0x00007fc4f278bdd5:   00 00 00 00 00 00 00 83 f8 00 0f 84 be 00 00 00
0x00007fc4f278bde5:   48 b8 14 00 00 00 00 00 00 00 49 8d 14 00 41 0f
0x00007fc4f278bdf5:   be 47 38 83 f8 00 0f 85 74 09 00 00 48 8b c3 48
0x00007fc4f278be05:   bf 00 00 00 00 00 00 00 00 48 c1 e8 03 4c 8b d7
0x00007fc4f278be15:   49 c1 ea 03 f0 44 0f b1 12 bb 01 00 00 00 0f 84
0x00007fc4f278be25:   05 00 00 00 bb 00 00 00 00 48 8b da 48 33 df 48
0x00007fc4f278be35:   c1 eb 15 48 83 fb 00 0f 85 51 09 00 00 ba ff ff
0x00007fc4f278be45:   ff ff 49 8b f0 66 66 90 48 b8 ff ff ff ff ff ff
0x00007fc4f278be55:   ff ff e8 34 71 16 00 48 83 f8 00 48 8b b4 24 10
0x00007fc4f278be65:   01 00 00 48 0f 44 c6 48 8b f8 4d 8b 97 48 03 00
0x00007fc4f278be75:   00 41 85 02 e9 82 fa ff ff 4d 8b 97 48 03 00 00
0x00007fc4f278be85:   41 85 02 e9 73 fa ff ff 48 81 c4 b0 01 00 00 5d
0x00007fc4f278be95:   49 3b a7 40 03 00 80 0f 87 09 09 00 00 c3 4c 89
0x00007fc4f278bea5:   84 24 20 01 00 00 48 ba f8 55 04 00 08 00 00 00
0x00007fc4f278beb5:   49 8b 87 08 01 00 00 48 8d 78 28 49 3b bf 18 01
0x00007fc4f278bec5:   00 00 0f 87 f4 08 00 00 49 89 bf 08 01 00 00 48
0x00007fc4f278bed5:   c7 00 01 00 00 00 48 8b ca 49 ba 00 00 00 00 08
0x00007fc4f278bee5:   00 00 00 49 2b ca 89 48 08 48 33 c9 89 48 0c 48
0x00007fc4f278bef5:   33 c9 48 89 48 10 48 89 48 18 48 89 48 20 48 be
0x00007fc4f278bf05:   e0 ff 6b 06 07 00 00 00 48 8b d3 48 89 84 24 18
0x00007fc4f278bf15:   01 00 00 0f 1f 80 00 00 00 00 e8 5c 0b cc ff 48
0x00007fc4f278bf25:   8b d0 48 8b b4 24 18 01 00 00 e8 4c 0b cc ff 48
0x00007fc4f278bf35:   8b 84 24 18 01 00 00 e9 48 09 00 00 4c 89 84 24
0x00007fc4f278bf45:   20 01 00 00 48 ba 78 94 05 00 08 00 00 00 49 8b
0x00007fc4f278bf55:   87 08 01 00 00 48 8d 78 30 49 3b bf 18 01 00 00
0x00007fc4f278bf65:   0f 87 63 08 00 00 49 89 bf 08 01 00 00 48 c7 00
0x00007fc4f278bf75:   01 00 00 00 48 8b ca 49 ba 00 00 00 00 08 00 00
0x00007fc4f278bf85:   00 49 2b ca 89 48 08 48 33 c9 89 48 0c 48 33 c9 


Stack slot to memory mapping:
stack at sp + 0 slots: 0x00007fc4f27244dc is at entry_point+348 in (nmethod*)0x00007fc4f2724190
stack at sp + 1 slots: 
[error occurred during error reporting (inspecting top of stack), id 0xb, SIGSEGV (0xb) at pc=0x00007fc4ff27ef6c]

--------------------------------------------------------------------------------
[Constant Pool (empty)]

--------------------------------------------------------------------------------

[MachCode]
  0x00007fc4f278b8c0: 448b 5608 | 49bb 0000 | 0000 0800 | 0000 4d03 | d34c 3bd0 | 0f85 a60e | ccff 660f | 1f44 0000 
  0x00007fc4f278b8e0: 8984 2400 | c0fe ff55 | 4881 ecb0 | 0100 0048 | 89b4 2410 | 0100 0048 | 8bfe 660f | 1f44 0000 
  0x00007fc4f278b900: 8b47 1048 | c1e0 0348 | 83f8 000f | 851d 0000 | 0048 3bfe | 0f84 7305 | 0000 8b46 | 1048 c1e0 
  0x00007fc4f278b920: 0348 83f8 | 000f 8462 | 0500 0048 | 8bfe 8b58 | 1448 c1e3 | 0348 899c | 2430 0100 | 0048 83ff 
  0x00007fc4f278b940: 000f 844c | 0000 0048 | 83ff 000f | 842a 0000 | 0049 b948 | ed25 0008 | 0000 0044 | 8b47 0849 
  0x00007fc4f278b960: ba00 0000 | 0008 0000 | 004d 03c2 | 4d3b 4838 | 0f85 0500 | 0000 e905 | 0000 0048 | 33d2 eb0a 
  0x00007fc4f278b980: 48ba 0100 | 0000 0000 | 0000 83fa | 000f 848e | 0c00 0048 | 83ff 000f | 84f4 0b00 | 0048 83f8 
  0x00007fc4f278b9a0: 000f 844c | 0000 0048 | 83f8 000f | 842a 0000 | 0049 b9e0 | 8f26 0008 | 0000 0044 | 8b40 0849 
  0x00007fc4f278b9c0: ba00 0000 | 0008 0000 | 004d 03c2 | 4d3b 4840 | 0f85 0500 | 0000 e905 | 0000 0048 | 33d2 eb0a 
  0x00007fc4f278b9e0: 48ba 0100 | 0000 0000 | 0000 83fa | 000f 84f6 | 0a00 0048 | 83fb 000f | 844c 0000 | 0048 83fb 
  0x00007fc4f278ba00: 000f 842a | 0000 0049 | b9e0 8f26 | 0008 0000 | 0044 8b43 | 0849 ba00 | 0000 0008 | 0000 004d 
  0x00007fc4f278ba20: 03c2 4d3b | 4840 0f85 | 0500 0000 | e905 0000 | 0048 33d2 | eb0a 48ba | 0100 0000 | 0000 0000 
  0x00007fc4f278ba40: 83fa 000f | 84f8 0900 | 0048 ba10 | 0000 0000 | 0000 0048 | 8d14 1741 | 0fbe 4f38 | 83f9 000f 
  0x00007fc4f278ba60: 856e 0c00 | 004c 8bc0 | 498b c048 | c1e8 034c | 8bd3 49c1 | ea03 f044 | 0fb1 12b8 | 0100 0000 
  0x00007fc4f278ba80: 0f84 0500 | 0000 b800 | 0000 0048 | 8bca 4833 | cb48 c1e9 | 1548 83f9 | 000f 8552 | 0c00 0083 
  0x00007fc4f278baa0: e001 83e0 | 0183 f800 | 0f84 c103 | 0000 4883 | fb00 0f84 | 8a03 0000 | 483b fe0f | 846f 0200 
  0x00007fc4f278bac0: 000f 1f80 | 0000 0000 | 8b5e 1048 | c1e3 0348 | 899c 2448 | 0100 0049 | 83f8 000f | 844c 0000 
  0x00007fc4f278bae0: 0049 83f8 | 000f 842a | 0000 0049 | b9e0 8f26 | 0008 0000 | 0041 8b48 | 0849 ba00 | 0000 0008 
  0x00007fc4f278bb00: 0000 0049 | 03ca 4c3b | 4940 0f85 | 0500 0000 | e905 0000 | 0048 33c0 | eb0a 48b8 | 0100 0000 
  0x00007fc4f278bb20: 0000 0000 | 83f8 000f | 846c 0800 | 0049 83f8 | 000f 84d2 | 0700 0048 | 83fb 000f | 844b 0000 
  0x00007fc4f278bb40: 0048 83fb | 000f 8429 | 0000 0049 | b9e0 8f26 | 0008 0000 | 008b 4b08 | 49ba 0000 | 0000 0800 
  0x00007fc4f278bb60: 0000 4903 | ca4c 3b49 | 400f 8505 | 0000 00e9 | 0500 0000 | 4833 c0eb | 0a48 b801 | 0000 0000 
  0x00007fc4f278bb80: 0000 0083 | f800 0f84 | d506 0000 | 48b8 1400 | 0000 0000 | 0000 498d | 0400 410f | be57 3883 
  0x00007fc4f278bba0: fa00 0f85 | 610b 0000 | 4c8b d349 | c1ea 0344 | 8910 488b | d048 33d3 | 48c1 ea15 | 4883 fa00 
  0x00007fc4f278bbc0: 0f85 610b | 0000 4883 | fe00 0f84 | 2900 0000 | 49b9 48ed | 2500 0800 | 0000 8b4e | 0849 ba00 
  0x00007fc4f278bbe0: 0000 0008 | 0000 0049 | 03ca 4c3b | 4938 0f85 | 0500 0000 | e905 0000 | 0048 33c0 | eb0a 48b8 
  0x00007fc4f278bc00: 0100 0000 | 0000 0000 | 83f8 000f | 84a8 0500 | 0048 83fb | 000f 844b | 0000 0048 | 83fb 000f 
  0x00007fc4f278bc20: 8429 0000 | 0049 b9e0 | 8f26 0008 | 0000 008b | 4b08 49ba | 0000 0000 | 0800 0000 | 4903 ca4c 
  0x00007fc4f278bc40: 3b49 400f | 8505 0000 | 00e9 0500 | 0000 4833 | c0eb 0a48 | b801 0000 | 0000 0000 | 0083 f800 
  0x00007fc4f278bc60: 0f84 ab04 | 0000 4983 | f800 0f84 | 4c00 0000 | 4983 f800 | 0f84 2a00 | 0000 49b9 | e08f 2600 
  0x00007fc4f278bc80: 0800 0000 | 418b 4808 | 49ba 0000 | 0000 0800 | 0000 4903 | ca4c 3b49 | 400f 8505 | 0000 00e9 
  0x00007fc4f278bca0: 0500 0000 | 4833 c0eb | 0a48 b801 | 0000 0000 | 0000 0083 | f800 0f84 | ad03 0000 | 48b8 1000 
  0x00007fc4f278bcc0: 0000 0000 | 0000 488d | 1406 410f | be47 3883 | f800 0f85 | 670a 0000 | 488b c348 | c1e8 034d 
  0x00007fc4f278bce0: 8bd0 49c1 | ea03 f044 | 0fb1 12b8 | 0100 0000 | 0f84 0500 | 0000 b800 | 0000 0048 | 8bda 4933 
  0x00007fc4f278bd00: d848 c1eb | 1548 83fb | 000f 854e | 0a00 0083 | e001 83e0 | 0183 e001 | 4d8b 9748 | 0300 0041 
  0x00007fc4f278bd20: 8502 83f8 | 000f 849d | fdff ffe9 | 4e01 0000 | 4983 f800 | 0f84 4c00 | 0000 4983 | f800 0f84 
  0x00007fc4f278bd40: 2a00 0000 | 48b9 e08f | 2600 0800 | 0000 418b | 7808 49ba | 0000 0000 | 0800 0000 | 4903 fa48 
  0x00007fc4f278bd60: 3b4f 400f | 8505 0000 | 00e9 0500 | 0000 4833 | c0eb 0a48 | b801 0000 | 0000 0000 | 0083 f800 
  0x00007fc4f278bd80: 0f84 4302 | 0000 4983 | f800 0f84 | b101 0000 | 4883 fb00 | 0f84 4b00 | 0000 4883 | fb00 0f84 
  0x00007fc4f278bda0: 2900 0000 | 48b9 e08f | 2600 0800 | 0000 8b7b | 0849 ba00 | 0000 0008 | 0000 0049 | 03fa 483b 
  0x00007fc4f278bdc0: 4f40 0f85 | 0500 0000 | e905 0000 | 0048 33c0 | eb0a 48b8 | 0100 0000 | 0000 0000 | 83f8 000f 
  0x00007fc4f278bde0: 84be 0000 | 0048 b814 | 0000 0000 | 0000 0049 | 8d14 0041 | 0fbe 4738 | 83f8 000f | 8574 0900 
  0x00007fc4f278be00: 0048 8bc3 | 48bf 0000 | 0000 0000 | 0000 48c1 | e803 4c8b | d749 c1ea | 03f0 440f | b112 bb01 
  0x00007fc4f278be20: 0000 000f | 8405 0000 | 00bb 0000 | 0000 488b | da48 33df | 48c1 eb15 | 4883 fb00 | 0f85 5109 
  0x00007fc4f278be40: 0000 baff | ffff ff49 | 8bf0 6666 | 9048 b8ff | ffff ffff | ffff ffe8 | 3471 1600 | 4883 f800 
  0x00007fc4f278be60: 488b b424 | 1001 0000 | 480f 44c6 | 488b f84d | 8b97 4803 | 0000 4185 | 02e9 82fa | ffff 4d8b 
  0x00007fc4f278be80: 9748 0300 | 0041 8502 | e973 faff | ff48 81c4 | b001 0000 | 5d49 3ba7 | 4003 0080 | 0f87 0909 
  0x00007fc4f278bea0: 0000 c34c | 8984 2420 | 0100 0048 | baf8 5504 | 0008 0000 | 0049 8b87 | 0801 0000 | 488d 7828 
  0x00007fc4f278bec0: 493b bf18 | 0100 000f | 87f4 0800 | 0049 89bf | 0801 0000 | 48c7 0001 | 0000 0048 | 8bca 49ba 
  0x00007fc4f278bee0: 0000 0000 | 0800 0000 | 492b ca89 | 4808 4833 | c989 480c | 4833 c948 | 8948 1048 | 8948 1848 
  0x00007fc4f278bf00: 8948 2048 | bee0 ff6b | 0607 0000 | 0048 8bd3 | 4889 8424 | 1801 0000 | 0f1f 8000 | 0000 00e8 
  0x00007fc4f278bf20: 5c0b ccff | 488b d048 | 8bb4 2418 | 0100 00e8 | 4c0b ccff | 488b 8424 | 1801 0000 | e948 0900 
  0x00007fc4f278bf40: 004c 8984 | 2420 0100 | 0048 ba78 | 9405 0008 | 0000 0049 | 8b87 0801 | 0000 488d | 7830 493b 
  0x00007fc4f278bf60: bf18 0100 | 000f 8763 | 0800 0049 | 89bf 0801 | 0000 48c7 | 0001 0000 | 0048 8bca | 49ba 0000 
  0x00007fc4f278bf80: 0000 0800 | 0000 492b | ca89 4808 | 4833 c989 | 480c 4833 | c948 8948 | 1048 8948 | 1848 8948 
  0x00007fc4f278bfa0: 2048 8948 | 2848 8bf0 | 4889 8424 | 2801 0000 | 0f1f 8000 | 0000 00e8 | c40a ccff | 488b 8424 
  0x00007fc4f278bfc0: 2801 0000 | e9c0 0800 | 004c 8984 | 2420 0100 | 0048 baf8 | 5504 0008 | 0000 0049 | 8b87 0801 
  0x00007fc4f278bfe0: 0000 488d | 7828 493b | bf18 0100 | 000f 87e8 | 0700 0049 | 89bf 0801 | 0000 48c7 | 0001 0000 
  0x00007fc4f278c000: 0048 8bca | 49ba 0000 | 0000 0800 | 0000 492b | ca89 4808 | 4833 c989 | 480c 4833 | c948 8948 
  0x00007fc4f278c020: 1048 8948 | 1848 8948 | 2048 bee0 | ff6b 0607 | 0000 0048 | 8b94 2420 | 0100 0048 | 8984 2438 
  0x00007fc4f278c040: 0100 000f | 1f40 00e8 | 340a ccff | 488b d048 | 8bb4 2438 | 0100 00e8 | 240a ccff | 488b 8424 
  0x00007fc4f278c060: 3801 0000 | e920 0800 | 004c 8984 | 2420 0100 | 0048 89bc | 2450 0100 | 0048 baf8 | 5504 0008 
  0x00007fc4f278c080: 0000 0049 | 8b87 0801 | 0000 488d | 7828 493b | bf18 0100 | 000f 874d | 0700 0049 | 89bf 0801 
  0x00007fc4f278c0a0: 0000 48c7 | 0001 0000 | 0048 8bca | 49ba 0000 | 0000 0800 | 0000 492b | ca89 4808 | 4833 c989 
  0x00007fc4f278c0c0: 480c 4833 | c948 8948 | 1048 8948 | 1848 8948 | 2048 bee0 | ff6b 0607 | 0000 0048 | 8b94 2420 
  0x00007fc4f278c0e0: 0100 0048 | 8984 2440 | 0100 000f | 1f40 00e8 | 8c09 ccff | 488b d048 | 8bb4 2440 | 0100 00e8 
  0x00007fc4f278c100: 7c09 ccff | 488b 8424 | 4001 0000 | e978 0700 | 004c 8984 | 2420 0100 | 0048 89bc | 2450 0100 
  0x00007fc4f278c120: 0048 baf8 | 5504 0008 | 0000 0049 | 8b87 0801 | 0000 488d | 7828 493b | bf18 0100 | 000f 87b2 
  0x00007fc4f278c140: 0600 0049 | 89bf 0801 | 0000 48c7 | 0001 0000 | 0048 8bca | 49ba 0000 | 0000 0800 | 0000 492b 
  0x00007fc4f278c160: ca89 4808 | 4833 c989 | 480c 4833 | c948 8948 | 1048 8948 | 1848 8948 | 2048 bee0 | ff6b 0607 
  0x00007fc4f278c180: 0000 0048 | 8b94 2448 | 0100 0048 | 8984 2458 | 0100 000f | 1f40 00e8 | e408 ccff | 488b d048 
  0x00007fc4f278c1a0: 8bb4 2458 | 0100 00e8 | d408 ccff | 488b 8424 | 5801 0000 | e9d0 0600 | 004c 8984 | 2420 0100 
  0x00007fc4f278c1c0: 0048 89bc | 2450 0100 | 0048 baf8 | 5504 0008 | 0000 0049 | 8b87 0801 | 0000 488d | 7828 493b 
  0x00007fc4f278c1e0: bf18 0100 | 000f 8717 | 0600 0049 | 89bf 0801 | 0000 48c7 | 0001 0000 | 0048 8bca | 49ba 0000 
  0x00007fc4f278c200: 0000 0800 | 0000 492b | ca89 4808 | 4833 c989 | 480c 4833 | c948 8948 | 1048 8948 | 1848 8948 
  0x00007fc4f278c220: 2048 be00 | 0040 0607 | 0000 0048 | 8b94 2410 | 0100 0048 | 8984 2460 | 0100 000f | 1f40 00e8 
  0x00007fc4f278c240: 3c08 ccff | 488b d048 | 8bb4 2460 | 0100 00e8 | 2c08 ccff | 488b 8424 | 6001 0000 | e928 0600 
  0x00007fc4f278c260: 004c 8984 | 2420 0100 | 0048 89bc | 2450 0100 | 0048 baf8 | 5504 0008 | 0000 0049 | 8b87 0801 
  0x00007fc4f278c280: 0000 488d | 7828 493b | bf18 0100 | 000f 877c | 0500 0049 | 89bf 0801 | 0000 48c7 | 0001 0000 
  0x00007fc4f278c2a0: 0048 8bca | 49ba 0000 | 0000 0800 | 0000 492b | ca89 4808 | 4833 c989 | 480c 4833 | c948 8948 
  0x00007fc4f278c2c0: 1048 8948 | 1848 8948 | 2048 bee0 | ff6b 0607 | 0000 0048 | 8b94 2448 | 0100 0048 | 8984 2468 
  0x00007fc4f278c2e0: 0100 000f | 1f40 00e8 | 9407 ccff | 488b d048 | 8bb4 2468 | 0100 00e8 | 8407 ccff | 488b 8424 
  0x00007fc4f278c300: 6801 0000 | e980 0500 | 004c 8984 | 2420 0100 | 0048 89bc | 2450 0100 | 0048 ba78 | 9405 0008 
  0x00007fc4f278c320: 0000 0049 | 8b87 0801 | 0000 488d | 7830 493b | bf18 0100 | 000f 87e1 | 0400 0049 | 89bf 0801 
  0x00007fc4f278c340: 0000 48c7 | 0001 0000 | 0048 8bca | 49ba 0000 | 0000 0800 | 0000 492b | ca89 4808 | 4833 c989 
  0x00007fc4f278c360: 480c 4833 | c948 8948 | 1048 8948 | 1848 8948 | 2048 8948 | 2848 8bf0 | 4889 8424 | 7001 0000 
  0x00007fc4f278c380: 0f1f 8000 | 0000 00e8 | f406 ccff | 488b 8424 | 7001 0000 | e9f0 0400 | 004c 8984 | 2420 0100 
  0x00007fc4f278c3a0: 0048 89bc | 2450 0100 | 0048 baf8 | 5504 0008 | 0000 0049 | 8b87 0801 | 0000 488d | 7828 493b 
  0x00007fc4f278c3c0: bf18 0100 | 000f 875e | 0400 0049 | 89bf 0801 | 0000 48c7 | 0001 0000 | 0048 8bca | 49ba 0000 
  0x00007fc4f278c3e0: 0000 0800 | 0000 492b | ca89 4808 | 4833 c989 | 480c 4833 | c948 8948 | 1048 8948 | 1848 8948 
  0x00007fc4f278c400: 2048 bee0 | ff6b 0607 | 0000 0048 | 8b94 2420 | 0100 0048 | 8984 2478 | 0100 000f | 1f40 00e8 
  0x00007fc4f278c420: 5c06 ccff | 488b d048 | 8bb4 2478 | 0100 00e8 | 4c06 ccff | 488b 8424 | 7801 0000 | e948 0400 
  0x00007fc4f278c440: 0048 8984 | 2420 0100 | 0048 89bc | 2450 0100 | 0048 baf8 | 5504 0008 | 0000 0049 | 8b87 0801 
  0x00007fc4f278c460: 0000 488d | 7828 493b | bf18 0100 | 000f 87c3 | 0300 0049 | 89bf 0801 | 0000 48c7 | 0001 0000 
  0x00007fc4f278c480: 0048 8bca | 49ba 0000 | 0000 0800 | 0000 492b | ca89 4808 | 4833 c989 | 480c 4833 | c948 8948 
  0x00007fc4f278c4a0: 1048 8948 | 1848 8948 | 2048 bee0 | ff6b 0607 | 0000 0048 | 8b94 2430 | 0100 0048 | 8984 2480 
  0x00007fc4f278c4c0: 0100 000f | 1f40 00e8 | b405 ccff | 488b d048 | 8bb4 2480 | 0100 00e8 | a405 ccff | 488b 8424 
  0x00007fc4f278c4e0: 8001 0000 | e9a0 0300 | 0048 8984 | 2420 0100 | 0048 89bc | 2450 0100 | 0048 baf8 | 5504 0008 
  0x00007fc4f278c500: 0000 0049 | 8b87 0801 | 0000 488d | 7828 493b | bf18 0100 | 000f 8728 | 0300 0049 | 89bf 0801 
  0x00007fc4f278c520: 0000 48c7 | 0001 0000 | 0048 8bca | 49ba 0000 | 0000 0800 | 0000 492b | ca89 4808 | 4833 c989 
  0x00007fc4f278c540: 480c 4833 | c948 8948 | 1048 8948 | 1848 8948 | 2048 bee0 | ff6b 0607 | 0000 0048 | 8b94 2420 
  0x00007fc4f278c560: 0100 0048 | 8984 2488 | 0100 000f | 1f40 00e8 | 0c05 ccff | 488b d048 | 8bb4 2488 | 0100 00e8 
  0x00007fc4f278c580: fc04 ccff | 488b 8424 | 8801 0000 | e9f8 0200 | 0048 8984 | 2420 0100 | 0048 89bc | 2450 0100 
  0x00007fc4f278c5a0: 0048 ba78 | 9405 0008 | 0000 0049 | 8b87 0801 | 0000 488d | 7830 493b | bf18 0100 | 000f 878d 
  0x00007fc4f278c5c0: 0200 0049 | 89bf 0801 | 0000 48c7 | 0001 0000 | 0048 8bca | 49ba 0000 | 0000 0800 | 0000 492b 
  0x00007fc4f278c5e0: ca89 4808 | 4833 c989 | 480c 4833 | c948 8948 | 1048 8948 | 1848 8948 | 2048 8948 | 2848 8bf0 
  0x00007fc4f278c600: 4889 8424 | 9001 0000 | 0f1f 8000 | 0000 00e8 | 6c04 ccff | 488b 8424 | 9001 0000 | e968 0200 
  0x00007fc4f278c620: 0048 8984 | 2420 0100 | 0048 baf8 | 5504 0008 | 0000 004c | 8bc7 498b | 8708 0100 | 0048 8d78 
  0x00007fc4f278c640: 2849 3bbf | 1801 0000 | 0f87 0f02 | 0000 4989 | bf08 0100 | 0048 c700 | 0100 0000 | 488b ca49 
  0x00007fc4f278c660: ba00 0000 | 0008 0000 | 0049 2bca | 8948 0848 | 33c9 8948 | 0c48 33c9 | 4889 4810 | 4889 4818 
  0x00007fc4f278c680: 4889 4820 | 48be 0000 | 4006 0700 | 0000 498b | d04c 8984 | 2450 0100 | 0048 8984 | 2498 0100 
  0x00007fc4f278c6a0: 0066 0f1f | 4400 00e8 | d403 ccff | 488b d048 | 8bb4 2498 | 0100 00e8 | c403 ccff | 488b 8424 
  0x00007fc4f278c6c0: 9801 0000 | e9c0 0100 | 00e8 5239 | d6ff e84d | 39d6 ff8b | 0a48 c1e1 | 0348 83f9 | 000f 8482 
  0x00007fc4f278c6e0: f3ff ff48 | 890c 24e8 | 1490 d6ff | e974 f3ff | ff48 83fb | 000f 84a4 | f3ff ff48 | 8914 24e8 
  0x00007fc4f278c700: fc92 d6ff | e996 f3ff | ff8b 1048 | c1e2 0348 | 83fa 000f | 848f f4ff | ff48 8914 | 24e8 de8f 
  0x00007fc4f278c720: d6ff e981 | f4ff ff48 | 83fb 000f | 8495 f4ff | ff48 8904 | 24e8 c692 | d6ff e987 | f4ff ff8b 
  0x00007fc4f278c740: 0248 c1e0 | 0348 83f8 | 000f 8489 | f5ff ff48 | 8904 24e8 | a88f d6ff | e97b f5ff | ff49 83f8 
  0x00007fc4f278c760: 000f 84a8 | f5ff ff48 | 8914 24e8 | 9092 d6ff | e99a f5ff | ff8b 0248 | c1e0 0348 | 83f8 000f 
  0x00007fc4f278c780: 847c f6ff | ff48 8904 | 24e8 728f | d6ff e96e | f6ff ff48 | 83ff 000f | 84a5 f6ff | ff48 8914 
  0x00007fc4f278c7a0: 24e8 5a92 | d6ff e997 | f6ff ff49 | ba95 be78 | f2c4 7f00 | 004d 8997 | 5803 0000 | e93f 69cc 
  0x00007fc4f278c7c0: ff48 8bd2 | e837 41d6 | ffe9 35f7 | ffff 488b | d2e8 2a41 | d6ff e9ca | f7ff ff48 | 8bd2 e81d 
  0x00007fc4f278c7e0: 41d6 ffe9 | 41f8 ffff | 488b d2e8 | 1041 d6ff | e9dc f8ff | ff48 8bd2 | e803 41d6 | ffe9 77f9 
  0x00007fc4f278c800: ffff 488b | d2e8 f640 | d6ff e912 | faff ff48 | 8bd2 e8e9 | 40d6 ffe9 | adfa ffff | 488b d2e8 
  0x00007fc4f278c820: dc40 d6ff | e94c fbff | ff48 8bd2 | e8cf 40d6 | ffe9 cbfb | ffff 488b | d2e8 c240 | d6ff e966 
  0x00007fc4f278c840: fcff ff48 | 8bd2 e8b5 | 40d6 ffe9 | 01fd ffff | 488b d2e8 | a840 d6ff | e9a0 fdff | ff48 8bd2 
  0x00007fc4f278c860: e89b 40d6 | ffe9 1afe | ffff 9090 | 498b 87d0 | 0300 0049 | c787 d003 | 0000 0000 | 0000 49c7 
  0x00007fc4f278c880: 87d8 0300 | 0000 0000 | 0048 81c4 | b001 0000 | 5de9 6a28 | d6ff f4f4 | f4f4 f4f4 | f4f4 f4f4 
  0x00007fc4f278c8a0: 0f1f 4400 | 0048 bb00 | 0000 0000 | 0000 00e9 | fbff ffff | 9048 bb00 | 0000 0000 | 0000 00e9 
  0x00007fc4f278c8c0: fbff ffff | 9048 bb00 | 0000 0000 | 0000 00e9 | fbff ffff | 9048 bb00 | 0000 0000 | 0000 00e9 
  0x00007fc4f278c8e0: fbff ffff | 9048 bb00 | 0000 0000 | 0000 00e9 | fbff ffff | 9048 bb00 | 0000 0000 | 0000 00e9 
  0x00007fc4f278c900: fbff ffff | 9048 bb00 | 0000 0000 | 0000 00e9 | fbff ffff | 9048 bb00 | 0000 0000 | 0000 00e9 
  0x00007fc4f278c920: fbff ffff | 9048 bb00 | 0000 0000 | 0000 00e9 | fbff ffff | 9048 bb00 | 0000 0000 | 0000 00e9 
  0x00007fc4f278c940: fbff ffff | 9048 bb00 | 0000 0000 | 0000 00e9 | fbff ffff | 9048 bb00 | 0000 0000 | 0000 00e9 
  0x00007fc4f278c960: fbff ffff | 9048 bb00 | 0000 0000 | 0000 00e9 | fbff ffff | 9048 bb00 | 0000 0000 | 0000 00e9 
  0x00007fc4f278c980: fbff ffff | 9048 bb00 | 0000 0000 | 0000 00e9 | fbff ffff | 9048 bb00 | 0000 0000 | 0000 00e9 
  0x00007fc4f278c9a0: fbff ffff | 9048 bb00 | 0000 0000 | 0000 00e9 | fbff ffff | 9048 bb00 | 0000 0000 | 0000 00e9 
  0x00007fc4f278c9c0: fbff ffff | 9048 bb00 | 0000 0000 | 0000 00e9 | fbff ffff | 9048 bb00 | 0000 0000 | 0000 00e9 
  0x00007fc4f278c9e0: fbff ffff | 9048 bb00 | 0000 0000 | 0000 00e9 | fbff ffff | 9048 bb00 | 0000 0000 | 0000 00e9 
  0x00007fc4f278ca00: fbff ffff | 9048 bb00 | 0000 0000 | 0000 00e9 | fbff ffff | 9048 bb00 | 0000 0000 | 0000 00e9 
  0x00007fc4f278ca20: fbff ffff | e8d7 53d6 | ff48 bf1a | 91bb ffc4 | 7f00 0048 | 83e4 f0e8 | 248a ef0c | f449 ba3d 
  0x00007fc4f278ca40: ca78 f2c4 | 7f00 0041 | 52e9 5259 | ccff f4f4 
[/MachCode]
--------------------------------------------------------------------------------


---------------  P R O C E S S  ---------------

Threads class SMR info:
_java_thread_list=0x00007fc468000b60, length=19, elements={
0x00007fc4f81d06b0, 0x00007fc4f81d1c50, 0x00007fc4f81f3080, 0x00007fc4f81f6990,
0x00007fc4f81f7950, 0x00007fc4f81f8ec0, 0x00007fc4f82022c0, 0x00007fc4f828e2a0,
0x00007fc4f8297d40, 0x00007fc4f8c8bc50, 0x00007fc4f8c97460, 0x00007fc4f8026160,
0x00007fc45c024ca0, 0x00007fc460032cc0, 0x00007fc46004dab0, 0x00007fc460052cb0,
0x00007fc45419f160, 0x00007fc460061a20, 0x00007fc468008ac0
}

Java Threads: ( => current thread )
  0x00007fc4f81d06b0 JavaThread "Reference Handler" daemon [_thread_blocked, id=21032, stack(0x00007fc4dabf4000,0x00007fc4dacf5000)]
  0x00007fc4f81d1c50 JavaThread "Finalizer" daemon [_thread_blocked, id=21033, stack(0x00007fc4daaf3000,0x00007fc4dabf4000)]
  0x00007fc4f81f3080 JavaThread "Signal Dispatcher" daemon [_thread_blocked, id=21034, stack(0x00007fc4da70b000,0x00007fc4da80c000)]
  0x00007fc4f81f6990 JavaThread "Service Thread" daemon [_thread_blocked, id=21035, stack(0x00007fc4da60a000,0x00007fc4da70b000)]
  0x00007fc4f81f7950 JavaThread "Monitor Deflation Thread" daemon [_thread_blocked, id=21036, stack(0x00007fc4da509000,0x00007fc4da60a000)]
  0x00007fc4f81f8ec0 JavaThread "C1 CompilerThread0" daemon [_thread_blocked, id=21037, stack(0x00007fc4da408000,0x00007fc4da509000)]
  0x00007fc4f82022c0 JavaThread "Sweeper thread" daemon [_thread_blocked, id=21038, stack(0x00007fc4da307000,0x00007fc4da408000)]
  0x00007fc4f828e2a0 JavaThread "Notification Thread" daemon [_thread_blocked, id=21040, stack(0x00007fc4da105000,0x00007fc4da206000)]
  0x00007fc4f8297d40 JavaThread "Common-Cleaner" daemon [_thread_blocked, id=21042, stack(0x00007fc4d9f02000,0x00007fc4da003000)]
  0x00007fc4f8c8bc50 JavaThread "pool-7-thread-1" [_thread_blocked, id=21113, stack(0x00007fc4d82e5000,0x00007fc4d83e6000)]
  0x00007fc4f8c97460 JavaThread "LanguageServerApp-lifecycle" [_thread_blocked, id=21114, stack(0x00007fc47b3f9000,0x00007fc47b4fa000)]
  0x00007fc4f8026160 JavaThread "DestroyJavaVM" [_thread_blocked, id=21025, stack(0x00007fc4fe935000,0x00007fc4fea36000)]
  0x00007fc45c024ca0 JavaThread "pool-8-thread-1" [_thread_in_native, id=21115, stack(0x00007fc47b2f8000,0x00007fc47b3f9000)]
  0x00007fc460032cc0 JavaThread "Simple-Language-Server main thread" daemon [_thread_blocked, id=21116, stack(0x00007fc47b1f7000,0x00007fc47b2f8000)]
  0x00007fc46004dab0 JavaThread "Reconciler-1" [_thread_blocked, id=21117, stack(0x00007fc47b0f6000,0x00007fc47b1f7000)]
  0x00007fc460052cb0 JavaThread "parallel-1" daemon [_thread_blocked, id=21118, stack(0x00007fc47a6ff000,0x00007fc47a800000)]
  0x00007fc45419f160 JavaThread "pool-3-thread-1" [_thread_blocked, id=21123, stack(0x00007fc47a4fd000,0x00007fc47a5fe000)]
  0x00007fc460061a20 JavaThread "pool-5-thread-1" [_thread_blocked, id=21208, stack(0x00007fc4da206000,0x00007fc4da307000)]
=>0x00007fc468008ac0 JavaThread "process reaper" daemon [_thread_in_Java, id=25968, stack(0x00007fc4db8af000,0x00007fc4db8d1000)]

Other Threads:
  0x00007fc4f81c0860 VMThread "VM Thread" [stack: 0x00007fc4dacf7000,0x00007fc4dadf7000] [id=21031]
  0x00007fc4f8185650 WatcherThread [stack: 0x00007fc4da005000,0x00007fc4da105000] [id=21041]
  0x00007fc4f8075d20 GCTaskThread "GC Thread#0" [stack: 0x00007fc4fc192000,0x00007fc4fc292000] [id=21026]
  0x00007fc4d0006460 GCTaskThread "GC Thread#1" [stack: 0x00007fc4d8cfe000,0x00007fc4d8dfe000] [id=21052]
  0x00007fc4d0006e90 GCTaskThread "GC Thread#2" [stack: 0x00007fc4d8bfc000,0x00007fc4d8cfc000] [id=21053]
  0x00007fc4d00078c0 GCTaskThread "GC Thread#3" [stack: 0x00007fc4d8afa000,0x00007fc4d8bfa000] [id=21054]
  0x00007fc4d00082f0 GCTaskThread "GC Thread#4" [stack: 0x00007fc4d89f8000,0x00007fc4d8af8000] [id=21055]
  0x00007fc4d0008d20 GCTaskThread "GC Thread#5" [stack: 0x00007fc4d88f6000,0x00007fc4d89f6000] [id=21056]
  0x00007fc4d000efa0 GCTaskThread "GC Thread#6" [stack: 0x00007fc4d87f4000,0x00007fc4d88f4000] [id=21057]
  0x00007fc4d0010270 GCTaskThread "GC Thread#7" [stack: 0x00007fc4d81e5000,0x00007fc4d82e5000] [id=21099]
  0x00007fc4d0010740 GCTaskThread "GC Thread#8" [stack: 0x00007fc4d80e3000,0x00007fc4d81e3000] [id=21100]
  0x00007fc4d0010f70 GCTaskThread "GC Thread#9" [stack: 0x00007fc47b700000,0x00007fc47b800000] [id=21101]
  0x00007fc4f8086cc0 ConcurrentGCThread "G1 Main Marker" [stack: 0x00007fc4fc090000,0x00007fc4fc190000] [id=21027]
  0x00007fc4f8087c20 ConcurrentGCThread "G1 Conc#0" [stack: 0x00007fc4ea5f0000,0x00007fc4ea6f0000] [id=21028]
  0x00007fc4dc000d30 ConcurrentGCThread "G1 Conc#1" [stack: 0x00007fc47b5fe000,0x00007fc47b6fe000] [id=21109]
  0x00007fc4dc0014c0 ConcurrentGCThread "G1 Conc#2" [stack: 0x00007fc47b4fc000,0x00007fc47b5fc000] [id=21110]
  0x00007fc4f8146440 ConcurrentGCThread "G1 Refine#0" [stack: 0x00007fc4db9fb000,0x00007fc4dbafb000] [id=21029]
  0x00007fc4f8147330 ConcurrentGCThread "G1 Service" [stack: 0x00007fc4db8f9000,0x00007fc4db9f9000] [id=21030]

Threads with active compile tasks:

VM state: not at safepoint (normal execution)

VM Mutex/Monitor currently owned by a thread: None

Heap address: 0x0000000705e00000, size: 4002 MB, Compressed Oops mode: Zero based, Oop shift amount: 3

CDS archive(s) not mapped
Compressed class space mapped at: 0x0000000800000000-0x0000000840000000, reserved size: 1073741824
Narrow klass base: 0x0000000800000000, Narrow klass shift: 0, Narrow klass range: 0x40000000

GC Precious Log:
 CPUs: 12 total, 12 available
 Memory: 16001M
 Large Page Support: Disabled
 NUMA Support: Disabled
 Compressed Oops: Enabled (Zero based)
 Heap Region Size: 2M
 Heap Min Capacity: 8M
 Heap Initial Capacity: 252M
 Heap Max Capacity: 4002M
 Pre-touch: Disabled
 Parallel Workers: 10
 Concurrent Workers: 3
 Concurrent Refinement Workers: 10
 Periodic GC: Disabled

Heap:
 garbage-first heap   total 81920K, used 47884K [0x0000000705e00000, 0x0000000800000000)
  region size 2048K, 14 young (28672K), 1 survivors (2048K)
 Metaspace       used 39323K, committed 39680K, reserved 1089536K
  class space    used 5006K, committed 5184K, reserved 1048576K

Heap Regions: E=young(eden), S=young(survivor), O=old, HS=humongous(starts), HC=humongous(continues), CS=collection set, F=free, OA=open archive, CA=closed archive, TAMS=top-at-mark-start (previous, next)
|   0|0x0000000705e00000, 0x0000000706000000, 0x0000000706000000|100%| O|  |TAMS 0x0000000706000000, 0x0000000705e00000| Untracked 
|   1|0x0000000706000000, 0x0000000706200000, 0x0000000706200000|100%| O|  |TAMS 0x0000000706200000, 0x0000000706000000| Untracked 
|   2|0x0000000706200000, 0x0000000706400000, 0x0000000706400000|100%| O|  |TAMS 0x0000000706200000, 0x0000000706200000| Untracked 
|   3|0x0000000706400000, 0x0000000706600000, 0x0000000706600000|100%| O|  |TAMS 0x0000000706600000, 0x0000000706400000| Untracked 
|   4|0x0000000706600000, 0x0000000706800000, 0x0000000706800000|100%| O|  |TAMS 0x0000000706800000, 0x0000000706600000| Untracked 
|   5|0x0000000706800000, 0x0000000706a00000, 0x0000000706a00000|100%| O|  |TAMS 0x0000000706800000, 0x0000000706800000| Untracked 
|   6|0x0000000706a00000, 0x0000000706c00000, 0x0000000706c00000|100%| O|  |TAMS 0x0000000706a00000, 0x0000000706a00000| Untracked 
|   7|0x0000000706c00000, 0x0000000706e00000, 0x0000000706e00000|100%| O|  |TAMS 0x0000000706c00000, 0x0000000706c00000| Untracked 
|   8|0x0000000706e00000, 0x0000000707000000, 0x0000000707000000|100%| O|  |TAMS 0x0000000707000000, 0x0000000706e00000| Untracked 
|   9|0x0000000707000000, 0x0000000707000000, 0x0000000707200000|  0%| F|  |TAMS 0x0000000707000000, 0x0000000707000000| Untracked 
|  10|0x0000000707200000, 0x0000000707400000, 0x0000000707400000|100%| O|  |TAMS 0x0000000707200000, 0x0000000707200000| Untracked 
|  11|0x0000000707400000, 0x0000000707587a00, 0x0000000707600000| 76%| O|  |TAMS 0x0000000707400000, 0x0000000707400000| Untracked 
|  12|0x0000000707600000, 0x0000000707600000, 0x0000000707800000|  0%| F|  |TAMS 0x0000000707600000, 0x0000000707600000| Untracked 
|  13|0x0000000707800000, 0x0000000707800000, 0x0000000707a00000|  0%| F|  |TAMS 0x0000000707800000, 0x0000000707800000| Untracked 
|  14|0x0000000707a00000, 0x0000000707a00000, 0x0000000707c00000|  0%| F|  |TAMS 0x0000000707a00000, 0x0000000707a00000| Untracked 
|  15|0x0000000707c00000, 0x0000000707c00000, 0x0000000707e00000|  0%| F|  |TAMS 0x0000000707c00000, 0x0000000707c00000| Untracked 
|  16|0x0000000707e00000, 0x0000000707e00000, 0x0000000708000000|  0%| F|  |TAMS 0x0000000707e00000, 0x0000000707e00000| Untracked 
|  17|0x0000000708000000, 0x0000000708000000, 0x0000000708200000|  0%| F|  |TAMS 0x0000000708000000, 0x0000000708000000| Untracked 
|  18|0x0000000708200000, 0x0000000708200000, 0x0000000708400000|  0%| F|  |TAMS 0x0000000708200000, 0x0000000708200000| Untracked 
|  19|0x0000000708400000, 0x0000000708400000, 0x0000000708600000|  0%| F|  |TAMS 0x0000000708400000, 0x0000000708400000| Untracked 
|  20|0x0000000708600000, 0x0000000708600000, 0x0000000708800000|  0%| F|  |TAMS 0x0000000708600000, 0x0000000708600000| Untracked 
|  21|0x0000000708800000, 0x000000070893b620, 0x0000000708a00000| 61%| S|CS|TAMS 0x0000000708800000, 0x0000000708800000| Complete 
|  22|0x0000000708a00000, 0x0000000708a00000, 0x0000000708c00000|  0%| F|  |TAMS 0x0000000708a00000, 0x0000000708a00000| Untracked 
|  23|0x0000000708c00000, 0x0000000708c00000, 0x0000000708e00000|  0%| F|  |TAMS 0x0000000708c00000, 0x0000000708c00000| Untracked 
|  24|0x0000000708e00000, 0x0000000708e00000, 0x0000000709000000|  0%| F|  |TAMS 0x0000000708e00000, 0x0000000708e00000| Untracked 
|  25|0x0000000709000000, 0x0000000709000000, 0x0000000709200000|  0%| F|  |TAMS 0x0000000709000000, 0x0000000709000000| Untracked 
|  26|0x0000000709200000, 0x0000000709200000, 0x0000000709400000|  0%| F|  |TAMS 0x0000000709200000, 0x0000000709200000| Untracked 
|  27|0x0000000709400000, 0x0000000709578118, 0x0000000709600000| 73%| E|  |TAMS 0x0000000709400000, 0x0000000709400000| Complete 
|  28|0x0000000709600000, 0x0000000709800000, 0x0000000709800000|100%| E|CS|TAMS 0x0000000709600000, 0x0000000709600000| Complete 
|  29|0x0000000709800000, 0x0000000709a00000, 0x0000000709a00000|100%| E|CS|TAMS 0x0000000709800000, 0x0000000709800000| Complete 
|  30|0x0000000709a00000, 0x0000000709c00000, 0x0000000709c00000|100%| E|CS|TAMS 0x0000000709a00000, 0x0000000709a00000| Complete 
|  31|0x0000000709c00000, 0x0000000709e00000, 0x0000000709e00000|100%| E|CS|TAMS 0x0000000709c00000, 0x0000000709c00000| Complete 
|  32|0x0000000709e00000, 0x000000070a000000, 0x000000070a000000|100%| E|CS|TAMS 0x0000000709e00000, 0x0000000709e00000| Complete 
|  33|0x000000070a000000, 0x000000070a200000, 0x000000070a200000|100%| E|CS|TAMS 0x000000070a000000, 0x000000070a000000| Complete 
|  39|0x000000070ac00000, 0x000000070ae00000, 0x000000070ae00000|100%| E|CS|TAMS 0x000000070ac00000, 0x000000070ac00000| Complete 
|  40|0x000000070ae00000, 0x000000070b000000, 0x000000070b000000|100%| E|CS|TAMS 0x000000070ae00000, 0x000000070ae00000| Complete 
|  41|0x000000070b000000, 0x000000070b200000, 0x000000070b200000|100%| E|CS|TAMS 0x000000070b000000, 0x000000070b000000| Complete 
|  42|0x000000070b200000, 0x000000070b400000, 0x000000070b400000|100%| E|CS|TAMS 0x000000070b200000, 0x000000070b200000| Complete 
|  43|0x000000070b400000, 0x000000070b600000, 0x000000070b600000|100%| E|CS|TAMS 0x000000070b400000, 0x000000070b400000| Complete 
| 125|0x0000000715800000, 0x0000000715a00000, 0x0000000715a00000|100%| E|CS|TAMS 0x0000000715800000, 0x0000000715800000| Complete 

Card table byte_map: [0x00007fc4fcae5000,0x00007fc4fd2b6000] _byte_map_base: 0x00007fc4f92b6000

Marking Bits (Prev, Next): (CMBitMap*) 0x00007fc4f80767a0, (CMBitMap*) 0x00007fc4f80767e0
 Prev Bits: [0x00007fc4ee578000, 0x00007fc4f2400000)
 Next Bits: [0x00007fc4ea6f0000, 0x00007fc4ee578000)

Polling page: 0x00007fc5005e9000

Metaspace:

Usage:
  Non-class:     33,51 MB used.
      Class:      4,89 MB used.
       Both:     38,40 MB used.

Virtual space:
  Non-class space:       40,00 MB reserved,      33,69 MB ( 84%) committed,  5 nodes.
      Class space:        1,00 GB reserved,       5,06 MB ( <1%) committed,  1 nodes.
             Both:        1,04 GB reserved,      38,75 MB (  4%) committed. 

Chunk freelists:
   Non-Class:  2,32 MB
       Class:  2,84 MB
        Both:  5,16 MB

MaxMetaspaceSize: unlimited
CompressedClassSpaceSize: 1,00 GB
Initial GC threshold: 21,00 MB
Current GC threshold: 59,06 MB
CDS: off
MetaspaceReclaimPolicy: balanced
 - commit_granule_bytes: 65536.
 - commit_granule_words: 8192.
 - virtual_space_node_default_size: 1048576.
 - enlarge_chunks_in_place: 1.
 - new_chunks_are_fully_committed: 0.
 - uncommit_free_chunks: 1.
 - use_allocation_guard: 0.
 - handle_deallocations: 1.


Internal statistics:

num_allocs_failed_limit: 6.
num_arena_births: 360.
num_arena_deaths: 0.
num_vsnodes_births: 6.
num_vsnodes_deaths: 0.
num_space_committed: 620.
num_space_uncommitted: 0.
num_chunks_returned_to_freelist: 6.
num_chunks_taken_from_freelist: 1543.
num_chunk_merges: 6.
num_chunk_splits: 1065.
num_chunks_enlarged: 812.
num_purges: 0.
num_inconsistent_stats: 0.

CodeCache: size=49152Kb used=8808Kb max_used=10289Kb free=40343Kb
 bounds [0x00007fc4f2400000, 0x00007fc4f2e70000, 0x00007fc4f5400000]
 total_blobs=5105 nmethods=4560 adapters=472
 compilation: enabled
              stopped_count=0, restarted_count=0
 full_count=0

Compilation events (20 events):
Event: 1611,772 Thread 0x00007fc4f81f8ec0 4551       1       java.text.NumberFormat::getMaximumIntegerDigits (5 bytes)
Event: 1611,772 Thread 0x00007fc4f81f8ec0 nmethod 4551 0x00007fc4f2726910 code [0x00007fc4f2726aa0, 0x00007fc4f2726b70]
Event: 1611,772 Thread 0x00007fc4f81f8ec0 4552       1       java.text.NumberFormat::getMinimumIntegerDigits (5 bytes)
Event: 1611,772 Thread 0x00007fc4f81f8ec0 nmethod 4552 0x00007fc4f2726610 code [0x00007fc4f27267a0, 0x00007fc4f2726870]
Event: 1611,772 Thread 0x00007fc4f81f8ec0 4553       1       java.text.NumberFormat::getMaximumFractionDigits (5 bytes)
Event: 1611,772 Thread 0x00007fc4f81f8ec0 nmethod 4553 0x00007fc4f2726310 code [0x00007fc4f27264a0, 0x00007fc4f2726570]
Event: 1611,772 Thread 0x00007fc4f81f8ec0 4554       1       java.text.NumberFormat::getMinimumFractionDigits (5 bytes)
Event: 1611,772 Thread 0x00007fc4f81f8ec0 nmethod 4554 0x00007fc4f2726010 code [0x00007fc4f27261a0, 0x00007fc4f2726270]
Event: 1611,772 Thread 0x00007fc4f81f8ec0 4555       1       java.text.DecimalFormatSymbols::getZeroDigit (5 bytes)
Event: 1611,772 Thread 0x00007fc4f81f8ec0 nmethod 4555 0x00007fc4f2725d10 code [0x00007fc4f2725ea0, 0x00007fc4f2725f70]
Event: 1613,362 Thread 0x00007fc4f81f8ec0 4556       1       java.util.concurrent.atomic.AtomicInteger::set (6 bytes)
Event: 1613,362 Thread 0x00007fc4f81f8ec0 nmethod 4556 0x00007fc4f2725a10 code [0x00007fc4f2725ba0, 0x00007fc4f2725c70]
Event: 1613,362 Thread 0x00007fc4f81f8ec0 4557       1       java.util.regex.Pattern$CharPropertyGreedy::match (160 bytes)
Event: 1613,363 Thread 0x00007fc4f81f8ec0 nmethod 4557 0x00007fc4f2725290 code [0x00007fc4f2725480, 0x00007fc4f2725800]
Event: 1613,363 Thread 0x00007fc4f81f8ec0 4558       1       java.net.URI$Parser::scan (53 bytes)
Event: 1613,363 Thread 0x00007fc4f81f8ec0 nmethod 4558 0x00007fc4f2724990 code [0x00007fc4f2724b80, 0x00007fc4f2724f70]
Event: 1761,368 Thread 0x00007fc4f81f8ec0 4559       1       java.util.concurrent.CompletableFuture::complete (12 bytes)
Event: 1761,369 Thread 0x00007fc4f81f8ec0 nmethod 4559 0x00007fc4f2724190 code [0x00007fc4f2724380, 0x00007fc4f2724760]
Event: 1791,373 Thread 0x00007fc4f81f8ec0 4560       1       java.util.StringTokenizer::countTokens (46 bytes)
Event: 1791,374 Thread 0x00007fc4f81f8ec0 nmethod 4560 0x00007fc4f2723d90 code [0x00007fc4f2723f40, 0x00007fc4f2724090]

GC Heap History (20 events):
Event: 0,366 GC heap before
{Heap before GC invocations=0 (full 0):
 garbage-first heap   total 258048K, used 20480K [0x0000000705e00000, 0x0000000800000000)
  region size 2048K, 11 young (22528K), 0 survivors (0K)
 Metaspace       used 11765K, committed 11968K, reserved 1064960K
  class space    used 1387K, committed 1472K, reserved 1048576K
}
Event: 0,371 GC heap after
{Heap after GC invocations=1 (full 0):
 garbage-first heap   total 258048K, used 5472K [0x0000000705e00000, 0x0000000800000000)
  region size 2048K, 2 young (4096K), 2 survivors (4096K)
 Metaspace       used 11765K, committed 11968K, reserved 1064960K
  class space    used 1387K, committed 1472K, reserved 1048576K
}
Event: 0,688 GC heap before
{Heap before GC invocations=1 (full 0):
 garbage-first heap   total 258048K, used 32096K [0x0000000705e00000, 0x0000000800000000)
  region size 2048K, 15 young (30720K), 2 survivors (4096K)
 Metaspace       used 19488K, committed 19648K, reserved 1073152K
  class space    used 2449K, committed 2496K, reserved 1048576K
}
Event: 0,692 GC heap after
{Heap after GC invocations=2 (full 0):
 garbage-first heap   total 258048K, used 8188K [0x0000000705e00000, 0x0000000800000000)
  region size 2048K, 2 young (4096K), 2 survivors (4096K)
 Metaspace       used 19488K, committed 19648K, reserved 1073152K
  class space    used 2449K, committed 2496K, reserved 1048576K
}
Event: 0,811 GC heap before
{Heap before GC invocations=2 (full 0):
 garbage-first heap   total 258048K, used 22524K [0x0000000705e00000, 0x0000000800000000)
  region size 2048K, 10 young (20480K), 2 survivors (4096K)
 Metaspace       used 21320K, committed 21504K, reserved 1073152K
  class space    used 2691K, committed 2816K, reserved 1048576K
}
Event: 0,812 GC heap after
{Heap after GC invocations=3 (full 0):
 garbage-first heap   total 258048K, used 9381K [0x0000000705e00000, 0x0000000800000000)
  region size 2048K, 2 young (4096K), 2 survivors (4096K)
 Metaspace       used 21320K, committed 21504K, reserved 1073152K
  class space    used 2691K, committed 2816K, reserved 1048576K
}
Event: 0,945 GC heap before
{Heap before GC invocations=4 (full 0):
 garbage-first heap   total 40960K, used 27813K [0x0000000705e00000, 0x0000000800000000)
  region size 2048K, 12 young (24576K), 2 survivors (4096K)
 Metaspace       used 24040K, committed 24256K, reserved 1073152K
  class space    used 3108K, committed 3200K, reserved 1048576K
}
Event: 0,948 GC heap after
{Heap after GC invocations=5 (full 0):
 garbage-first heap   total 40960K, used 11649K [0x0000000705e00000, 0x0000000800000000)
  region size 2048K, 3 young (6144K), 3 survivors (6144K)
 Metaspace       used 24040K, committed 24256K, reserved 1073152K
  class space    used 3108K, committed 3200K, reserved 1048576K
}
Event: 0,970 GC heap before
{Heap before GC invocations=5 (full 0):
 garbage-first heap   total 40960K, used 13697K [0x0000000705e00000, 0x0000000800000000)
  region size 2048K, 4 young (8192K), 3 survivors (6144K)
 Metaspace       used 24595K, committed 24832K, reserved 1073152K
  class space    used 3190K, committed 3264K, reserved 1048576K
}
Event: 0,975 GC heap after
{Heap after GC invocations=6 (full 0):
 garbage-first heap   total 40960K, used 12292K [0x0000000705e00000, 0x0000000800000000)
  region size 2048K, 1 young (2048K), 1 survivors (2048K)
 Metaspace       used 24595K, committed 24832K, reserved 1073152K
  class space    used 3190K, committed 3264K, reserved 1048576K
}
Event: 1,135 GC heap before
{Heap before GC invocations=6 (full 0):
 garbage-first heap   total 40960K, used 26628K [0x0000000705e00000, 0x0000000800000000)
  region size 2048K, 8 young (16384K), 1 survivors (2048K)
 Metaspace       used 27427K, committed 27712K, reserved 1073152K
  class space    used 3624K, committed 3776K, reserved 1048576K
}
Event: 1,137 GC heap after
{Heap after GC invocations=7 (full 0):
 garbage-first heap   total 149504K, used 12903K [0x0000000705e00000, 0x0000000800000000)
  region size 2048K, 1 young (2048K), 1 survivors (2048K)
 Metaspace       used 27427K, committed 27712K, reserved 1073152K
  class space    used 3624K, committed 3776K, reserved 1048576K
}
Event: 1,642 GC heap before
{Heap before GC invocations=7 (full 0):
 garbage-first heap   total 149504K, used 68199K [0x0000000705e00000, 0x0000000800000000)
  region size 2048K, 30 young (61440K), 1 survivors (2048K)
 Metaspace       used 35757K, committed 36096K, reserved 1081344K
  class space    used 4570K, committed 4736K, reserved 1048576K
}
Event: 1,650 GC heap after
{Heap after GC invocations=8 (full 0):
 garbage-first heap   total 149504K, used 21053K [0x0000000705e00000, 0x0000000800000000)
  region size 2048K, 5 young (10240K), 5 survivors (10240K)
 Metaspace       used 35757K, committed 36096K, reserved 1081344K
  class space    used 4570K, committed 4736K, reserved 1048576K
}
Event: 16,495 GC heap before
{Heap before GC invocations=9 (full 0):
 garbage-first heap   total 81920K, used 57917K [0x0000000705e00000, 0x0000000800000000)
  region size 2048K, 24 young (49152K), 5 survivors (10240K)
 Metaspace       used 38907K, committed 39168K, reserved 1089536K
  class space    used 4920K, committed 5056K, reserved 1048576K
}
Event: 16,499 GC heap after
{Heap after GC invocations=10 (full 0):
 garbage-first heap   total 81920K, used 23689K [0x0000000705e00000, 0x0000000800000000)
  region size 2048K, 2 young (4096K), 2 survivors (4096K)
 Metaspace       used 38907K, committed 39168K, reserved 1089536K
  class space    used 4920K, committed 5056K, reserved 1048576K
}
Event: 26,614 GC heap before
{Heap before GC invocations=10 (full 0):
 garbage-first heap   total 81920K, used 25737K [0x0000000705e00000, 0x0000000800000000)
  region size 2048K, 3 young (6144K), 2 survivors (4096K)
 Metaspace       used 38933K, committed 39232K, reserved 1089536K
  class space    used 4928K, committed 5056K, reserved 1048576K
}
Event: 26,616 GC heap after
{Heap after GC invocations=11 (full 0):
 garbage-first heap   total 81920K, used 22477K [0x0000000705e00000, 0x0000000800000000)
  region size 2048K, 1 young (2048K), 1 survivors (2048K)
 Metaspace       used 38933K, committed 39232K, reserved 1089536K
  class space    used 4928K, committed 5056K, reserved 1048576K
}
Event: 975,952 GC heap before
{Heap before GC invocations=11 (full 0):
 garbage-first heap   total 81920K, used 55245K [0x0000000705e00000, 0x0000000800000000)
  region size 2048K, 18 young (36864K), 1 survivors (2048K)
 Metaspace       used 39298K, committed 39680K, reserved 1089536K
  class space    used 4999K, committed 5184K, reserved 1048576K
}
Event: 975,953 GC heap after
{Heap after GC invocations=12 (full 0):
 garbage-first heap   total 81920K, used 23308K [0x0000000705e00000, 0x0000000800000000)
  region size 2048K, 1 young (2048K), 1 survivors (2048K)
 Metaspace       used 39298K, committed 39680K, reserved 1089536K
  class space    used 4999K, committed 5184K, reserved 1048576K
}

Deoptimization events (20 events):
Event: 1,206 Thread 0x00007fc45c024ca0 DEOPT PACKING pc=0x00007fc4f290db81 sp=0x00007fc47b3f6390
Event: 1,206 Thread 0x00007fc45c024ca0 DEOPT UNPACKING pc=0x00007fc4f245282f sp=0x00007fc47b3f5840 mode 3
Event: 1,459 Thread 0x00007fc460032cc0 DEOPT PACKING pc=0x00007fc4f2903a16 sp=0x00007fc47b2f6600
Event: 1,459 Thread 0x00007fc460032cc0 DEOPT UNPACKING pc=0x00007fc4f245282f sp=0x00007fc47b2f5a78 mode 3
Event: 1,463 Thread 0x00007fc45419f160 DEOPT PACKING pc=0x00007fc4f2ba3554 sp=0x00007fc47a5fbee0
Event: 1,463 Thread 0x00007fc45419f160 DEOPT UNPACKING pc=0x00007fc4f245282f sp=0x00007fc47a5fb3d8 mode 0
Event: 1,710 Thread 0x00007fc45419f160 DEOPT PACKING pc=0x00007fc4f2c7df10 sp=0x00007fc47a5fba00
Event: 1,710 Thread 0x00007fc45419f160 DEOPT UNPACKING pc=0x00007fc4f245282f sp=0x00007fc47a5faee0 mode 3
Event: 1,771 Thread 0x00007fc45419f160 DEOPT PACKING pc=0x00007fc4f2ca687b sp=0x00007fc47a5fa4b0
Event: 1,771 Thread 0x00007fc45419f160 DEOPT UNPACKING pc=0x00007fc4f245282f sp=0x00007fc47a5f9968 mode 3
Event: 16,435 Thread 0x00007fc46004dab0 DEOPT PACKING pc=0x00007fc4f257396b sp=0x00007fc47b1f3520
Event: 16,435 Thread 0x00007fc46004dab0 DEOPT UNPACKING pc=0x00007fc4f245282f sp=0x00007fc47b1f2a38 mode 3
Event: 16,494 Thread 0x00007fc460059790 DEOPT PACKING pc=0x00007fc4f2541521 sp=0x00007fc47a6fc280
Event: 16,494 Thread 0x00007fc460059790 DEOPT UNPACKING pc=0x00007fc4f245282f sp=0x00007fc47a6fb758 mode 3
Event: 142,728 Thread 0x00007fc45c024ca0 DEOPT PACKING pc=0x00007fc4f2a313d4 sp=0x00007fc47b3f7580
Event: 142,728 Thread 0x00007fc45c024ca0 DEOPT UNPACKING pc=0x00007fc4f245282f sp=0x00007fc47b3f6a48 mode 0
Event: 142,728 Thread 0x00007fc45c024ca0 DEOPT PACKING pc=0x00007fc4f27a5f64 sp=0x00007fc47b3f7660
Event: 142,728 Thread 0x00007fc45c024ca0 DEOPT UNPACKING pc=0x00007fc4f245282f sp=0x00007fc47b3f6b68 mode 0
Event: 975,966 Thread 0x00007fc460063d90 DEOPT PACKING pc=0x00007fc4f276a995 sp=0x00007fc47a6fbbd0
Event: 975,966 Thread 0x00007fc460063d90 DEOPT UNPACKING pc=0x00007fc4f245282f sp=0x00007fc47a6fb0e0 mode 3

Classes unloaded (0 events):
No events

Classes redefined (0 events):
No events

Internal exceptions (20 events):
Event: 61,057 Thread 0x00007fc4f8c8bc50 Exception <a 'java/lang/NoSuchMethodError'{0x0000000715875088}: 'java.lang.Object java.lang.invoke.DirectMethodHandle$Holder.newInvokeSpecial(java.lang.Object, java.lang.Object, java.lang.Object, int)'> (0x0000000715875088) 
thrown [src/hotspot/share/interpreter/linkResolver.cpp, line 766]
Event: 61,057 Thread 0x00007fc4f8c8bc50 Exception <a 'java/lang/NoSuchMethodError'{0x0000000715879370}: 'java.lang.Object java.lang.invoke.DirectMethodHandle$Holder.invokeSpecial(java.lang.Object, java.lang.Object, java.lang.Object, java.lang.Object, int)'> (0x0000000715879370) 
thrown [src/hotspot/share/interpreter/linkResolver.cpp, line 766]
Event: 61,057 Thread 0x00007fc4f8c8bc50 Exception <a 'java/lang/NoSuchMethodError'{0x000000071587cf38}: 'java.lang.Object java.lang.invoke.Invokers$Holder.linkToTargetMethod(java.lang.Object, java.lang.Object, int, java.lang.Object)'> (0x000000071587cf38) 
thrown [src/hotspot/share/interpreter/linkResolver.cpp, line 766]
Event: 914,249 Thread 0x00007fc46004dab0 Exception <a 'java/lang/ArrayIndexOutOfBoundsException'{0x000000070b0916a0}> (0x000000070b0916a0) 
thrown [src/hotspot/share/runtime/sharedRuntime.cpp, line 628]
Event: 914,254 Thread 0x00007fc460063d90 Exception <a 'java/lang/ArrayIndexOutOfBoundsException'{0x000000070b132490}> (0x000000070b132490) 
thrown [src/hotspot/share/runtime/sharedRuntime.cpp, line 628]
Event: 914,320 Thread 0x00007fc46004dab0 Exception <a 'java/lang/ArrayIndexOutOfBoundsException'{0x000000070a1a5db0}> (0x000000070a1a5db0) 
thrown [src/hotspot/share/runtime/sharedRuntime.cpp, line 628]
Event: 914,509 Thread 0x00007fc45419f160 Exception <a 'java/lang/ArrayIndexOutOfBoundsException'{0x0000000709ebf498}> (0x0000000709ebf498) 
thrown [src/hotspot/share/runtime/sharedRuntime.cpp, line 628]
Event: 914,644 Thread 0x00007fc460063d90 Exception <a 'java/lang/ArrayIndexOutOfBoundsException'{0x00000007096827e8}> (0x00000007096827e8) 
thrown [src/hotspot/share/runtime/sharedRuntime.cpp, line 628]
Event: 975,933 Thread 0x00007fc46004dab0 Exception <a 'java/lang/ArrayIndexOutOfBoundsException'{0x000000070916fd50}> (0x000000070916fd50) 
thrown [src/hotspot/share/runtime/sharedRuntime.cpp, line 628]
Event: 975,945 Thread 0x00007fc460063d90 Exception <a 'java/lang/ArrayIndexOutOfBoundsException'{0x0000000708f625a8}> (0x0000000708f625a8) 
thrown [src/hotspot/share/runtime/sharedRuntime.cpp, line 628]
Event: 975,962 Thread 0x00007fc460063d90 Exception <a 'java/lang/ArrayIndexOutOfBoundsException'{0x000000070b5106d0}> (0x000000070b5106d0) 
thrown [src/hotspot/share/runtime/sharedRuntime.cpp, line 628]
Event: 975,962 Thread 0x00007fc460063d90 Exception <a 'java/lang/ArrayIndexOutOfBoundsException'{0x000000070b523620}> (0x000000070b523620) 
thrown [src/hotspot/share/runtime/sharedRuntime.cpp, line 628]
Event: 975,966 Thread 0x00007fc460063d90 Implicit null exception at 0x00007fc4f276a36f to 0x00007fc4f276a990
Event: 977,058 Thread 0x00007fc460063d90 Exception <a 'java/lang/NoSuchMethodError'{0x000000070b2592c8}: 'java.lang.Object java.lang.invoke.DirectMethodHandle$Holder.invokeSpecial(java.lang.Object, java.lang.Object, java.lang.Object, int, java.lang.Object, java.lang.Object, java.lang.Object, java.lang.Object)'> (0x000000070b2592c8) 
thrown [src/hotspot/share/interpreter/linkResolver.cpp, line 766]
Event: 977,058 Thread 0x00007fc460063d90 Exception <a 'java/lang/NoSuchMethodError'{0x000000070b26d320}: 'java.lang.Object java.lang.invoke.Invokers$Holder.linkToTargetMethod(java.lang.Object, java.lang.Object, int, java.lang.Object, java.lang.Object, java.lang.Object, java.lang.Object)'> (0x000000070b26d320) 
thrown [src/hotspot/share/interpreter/linkResolver.cpp, line 766]
Event: 1070,334 Thread 0x00007fc460063d90 Exception <a 'java/lang/ArrayIndexOutOfBoundsException'{0x000000070b2f2348}> (0x000000070b2f2348) 
thrown [src/hotspot/share/runtime/sharedRuntime.cpp, line 628]
Event: 1546,038 Thread 0x00007fc460063d90 Exception <a 'java/lang/ArrayIndexOutOfBoundsException'{0x000000070b1eada0}> (0x000000070b1eada0) 
thrown [src/hotspot/share/runtime/sharedRuntime.cpp, line 628]
Event: 1611,737 Thread 0x00007fc45419f160 Exception <a 'java/lang/ArrayIndexOutOfBoundsException'{0x000000070a0d4ff8}> (0x000000070a0d4ff8) 
thrown [src/hotspot/share/runtime/sharedRuntime.cpp, line 628]
Event: 1611,764 Thread 0x00007fc45419f160 Exception <a 'java/lang/ArrayIndexOutOfBoundsException'{0x00000007094135d8}> (0x00000007094135d8) 
thrown [src/hotspot/share/runtime/sharedRuntime.cpp, line 628]
Event: 1611,764 Thread 0x00007fc45419f160 Exception <a 'java/lang/ArrayIndexOutOfBoundsException'{0x0000000709426528}> (0x0000000709426528) 
thrown [src/hotspot/share/runtime/sharedRuntime.cpp, line 628]

VM Operations (20 events):
Event: 976,953 Executing VM operation: Cleanup
Event: 976,954 Executing VM operation: Cleanup done
Event: 980,954 Executing VM operation: Cleanup
Event: 980,954 Executing VM operation: Cleanup done
Event: 981,954 Executing VM operation: Cleanup
Event: 981,954 Executing VM operation: Cleanup done
Event: 1040,958 Executing VM operation: Cleanup
Event: 1040,958 Executing VM operation: Cleanup done
Event: 1070,962 Executing VM operation: Cleanup
Event: 1070,962 Executing VM operation: Cleanup done
Event: 1079,963 Executing VM operation: Cleanup
Event: 1079,963 Executing VM operation: Cleanup done
Event: 1547,038 Executing VM operation: Cleanup
Event: 1547,038 Executing VM operation: Cleanup done
Event: 1549,038 Executing VM operation: Cleanup
Event: 1549,038 Executing VM operation: Cleanup done
Event: 1612,043 Executing VM operation: Cleanup
Event: 1612,043 Executing VM operation: Cleanup done
Event: 1614,043 Executing VM operation: Cleanup
Event: 1614,043 Executing VM operation: Cleanup done

Events (20 events):
Event: 951,199 Protecting memory [0x00007fc4db8af000,0x00007fc4db8b3000] with protection modes 0
Event: 975,942 Thread 0x00007fc4b8182ae0 Thread added: 0x00007fc4b8182ae0
Event: 975,942 Protecting memory [0x00007fc4d8dfe000,0x00007fc4d8e02000] with protection modes 0
Event: 975,942 Thread 0x00007fc4b81b2460 Thread added: 0x00007fc4b81b2460
Event: 975,942 Protecting memory [0x00007fc4d8eff000,0x00007fc4d8f03000] with protection modes 0
Event: 975,942 Thread 0x00007fc4b81b2fa0 Thread added: 0x00007fc4b81b2fa0
Event: 975,942 Protecting memory [0x00007fc479aff000,0x00007fc479b03000] with protection modes 0
Event: 986,203 Thread 0x00007fc4b81b2fa0 Thread exited: 0x00007fc4b81b2fa0
Event: 986,203 Thread 0x00007fc4b81b2460 Thread exited: 0x00007fc4b81b2460
Event: 991,203 Thread 0x00007fc4b8182ae0 Thread exited: 0x00007fc4b8182ae0
Event: 1040,675 Thread 0x00007fc460063d90 Thread exited: 0x00007fc460063d90
Event: 1070,332 Thread 0x00007fc460063d90 Thread added: 0x00007fc460063d90
Event: 1070,332 Protecting memory [0x00007fc47a5fe000,0x00007fc47a602000] with protection modes 0
Event: 1070,340 Thread 0x00007fc4b8182a30 Thread added: 0x00007fc4b8182a30
Event: 1070,340 Protecting memory [0x00007fc4d8dfe000,0x00007fc4d8e02000] with protection modes 0
Event: 1075,343 Thread 0x00007fc4b8182a30 Thread exited: 0x00007fc4b8182a30
Event: 1139,425 Thread 0x00007fc460063d90 Thread exited: 0x00007fc460063d90
Event: 1546,037 Thread 0x00007fc460063d90 Thread added: 0x00007fc460063d90
Event: 1546,037 Protecting memory [0x00007fc47a5fe000,0x00007fc47a602000] with protection modes 0
Event: 1610,020 Thread 0x00007fc460063d90 Thread exited: 0x00007fc460063d90


Dynamic libraries:
705e00000-70a200000 rw-p 00000000 00:00 0 
70a200000-70ac00000 ---p 00000000 00:00 0 
70ac00000-70b600000 rw-p 00000000 00:00 0 
70b600000-715800000 ---p 00000000 00:00 0 
715800000-715a00000 rw-p 00000000 00:00 0 
715a00000-800000000 ---p 00000000 00:00 0 
800000000-800020000 rw-p 00000000 00:00 0 
800020000-800040000 rw-p 00000000 00:00 0 
800040000-8000c0000 rw-p 00000000 00:00 0 
8000c0000-800140000 rw-p 00000000 00:00 0 
800140000-8001c0000 rw-p 00000000 00:00 0 
8001c0000-800240000 rw-p 00000000 00:00 0 
800240000-800280000 rw-p 00000000 00:00 0 
800280000-800440000 rw-p 00000000 00:00 0 
800440000-800460000 rw-p 00000000 00:00 0 
800460000-800480000 ---p 00000000 00:00 0 
800480000-800530000 rw-p 00000000 00:00 0 
800530000-840000000 ---p 00000000 00:00 0 
5603dc400000-5603dc401000 r-xp 00000000 103:05 3540535                   /home/leonardo/.vscode/extensions/redhat.java-1.6.0-linux-x64/jre/17.0.2-linux-x86_64/bin/java
5603dc601000-5603dc602000 r--p 00001000 103:05 3540535                   /home/leonardo/.vscode/extensions/redhat.java-1.6.0-linux-x64/jre/17.0.2-linux-x86_64/bin/java
5603dc602000-5603dc603000 rw-p 00002000 103:05 3540535                   /home/leonardo/.vscode/extensions/redhat.java-1.6.0-linux-x64/jre/17.0.2-linux-x86_64/bin/java
5603dd088000-5603dd0ca000 rw-p 00000000 00:00 0                          [heap]
7fc430000000-7fc430021000 rw-p 00000000 00:00 0 
7fc430021000-7fc434000000 ---p 00000000 00:00 0 
7fc438000000-7fc43805b000 rw-p 00000000 00:00 0 
7fc43805b000-7fc43c000000 ---p 00000000 00:00 0 
7fc43c420000-7fc444000000 r--s 00000000 103:05 6568031                   /usr/lib/jvm/zulu-17-amd64/lib/modules
7fc444000000-7fc4441c7000 rw-p 00000000 00:00 0 
7fc4441c7000-7fc448000000 ---p 00000000 00:00 0 
7fc449400000-7fc44c000000 r--s 00000000 103:05 3541638                   /home/leonardo/.vscode/extensions/redhat.java-1.6.0-linux-x64/jre/17.0.2-linux-x86_64/lib/modules
7fc44c000000-7fc44c021000 rw-p 00000000 00:00 0 
7fc44c021000-7fc450000000 ---p 00000000 00:00 0 
7fc450000000-7fc45007f000 rw-p 00000000 00:00 0 
7fc45007f000-7fc454000000 ---p 00000000 00:00 0 
7fc454000000-7fc4541d5000 rw-p 00000000 00:00 0 
7fc4541d5000-7fc458000000 ---p 00000000 00:00 0 
7fc458000000-7fc4580d7000 rw-p 00000000 00:00 0 
7fc4580d7000-7fc45c000000 ---p 00000000 00:00 0 
7fc45c000000-7fc45c02b000 rw-p 00000000 00:00 0 
7fc45c02b000-7fc460000000 ---p 00000000 00:00 0 
7fc460000000-7fc460088000 rw-p 00000000 00:00 0 
7fc460088000-7fc464000000 ---p 00000000 00:00 0 
7fc464000000-7fc464021000 rw-p 00000000 00:00 0 
7fc464021000-7fc468000000 ---p 00000000 00:00 0 
7fc468000000-7fc468021000 rw-p 00000000 00:00 0 
7fc468021000-7fc46c000000 ---p 00000000 00:00 0 
7fc46c000000-7fc46c021000 rw-p 00000000 00:00 0 
7fc46c021000-7fc470000000 ---p 00000000 00:00 0 
7fc470000000-7fc470021000 rw-p 00000000 00:00 0 
7fc470021000-7fc474000000 ---p 00000000 00:00 0 
7fc474000000-7fc474021000 rw-p 00000000 00:00 0 
7fc474021000-7fc478000000 ---p 00000000 00:00 0 
7fc479aff000-7fc479b03000 ---p 00000000 00:00 0 
7fc479b03000-7fc479db0000 rw-p 00000000 00:00 0 
7fc479db0000-7fc47a400000 ---p 00000000 00:00 0 
7fc47a4fd000-7fc47a501000 ---p 00000000 00:00 0 
7fc47a501000-7fc47a5fe000 rw-p 00000000 00:00 0 
7fc47a5fe000-7fc47a602000 ---p 00000000 00:00 0 
7fc47a602000-7fc47a6ff000 rw-p 00000000 00:00 0 
7fc47a6ff000-7fc47a703000 ---p 00000000 00:00 0 
7fc47a703000-7fc47b000000 rw-p 00000000 00:00 0 
7fc47b0f6000-7fc47b0fa000 ---p 00000000 00:00 0 
7fc47b0fa000-7fc47b1f7000 rw-p 00000000 00:00 0 
7fc47b1f7000-7fc47b1fb000 ---p 00000000 00:00 0 
7fc47b1fb000-7fc47b2f8000 rw-p 00000000 00:00 0 
7fc47b2f8000-7fc47b2fc000 ---p 00000000 00:00 0 
7fc47b2fc000-7fc47b3f9000 rw-p 00000000 00:00 0 
7fc47b3f9000-7fc47b3fd000 ---p 00000000 00:00 0 
7fc47b3fd000-7fc47b4fa000 rw-p 00000000 00:00 0 
7fc47b4fa000-7fc47b4fb000 ---p 00000000 00:00 0 
7fc47b4fb000-7fc47b5fc000 rw-p 00000000 00:00 0 
7fc47b5fc000-7fc47b5fd000 ---p 00000000 00:00 0 
7fc47b5fd000-7fc47b6fe000 rw-p 00000000 00:00 0 
7fc47b6fe000-7fc47b6ff000 ---p 00000000 00:00 0 
7fc47b6ff000-7fc47bb00000 rw-p 00000000 00:00 0 
7fc47bb00000-7fc47bc00000 rw-p 00000000 00:00 0 
7fc47bc00000-7fc47c000000 rw-p 00000000 00:00 0 
7fc47c000000-7fc47c021000 rw-p 00000000 00:00 0 
7fc47c021000-7fc480000000 ---p 00000000 00:00 0 
7fc480000000-7fc480052000 rw-p 00000000 00:00 0 
7fc480052000-7fc484000000 ---p 00000000 00:00 0 
7fc484000000-7fc484021000 rw-p 00000000 00:00 0 
7fc484021000-7fc488000000 ---p 00000000 00:00 0 
7fc488000000-7fc488021000 rw-p 00000000 00:00 0 
7fc488021000-7fc48c000000 ---p 00000000 00:00 0 
7fc48c000000-7fc48c021000 rw-p 00000000 00:00 0 
7fc48c021000-7fc490000000 ---p 00000000 00:00 0 
7fc490000000-7fc490021000 rw-p 00000000 00:00 0 
7fc490021000-7fc494000000 ---p 00000000 00:00 0 
7fc494000000-7fc494108000 rw-p 00000000 00:00 0 
7fc494108000-7fc498000000 ---p 00000000 00:00 0 
7fc498000000-7fc498021000 rw-p 00000000 00:00 0 
7fc498021000-7fc49c000000 ---p 00000000 00:00 0 
7fc49c000000-7fc49c021000 rw-p 00000000 00:00 0 
7fc49c021000-7fc4a0000000 ---p 00000000 00:00 0 
7fc4a0000000-7fc4a0184000 rw-p 00000000 00:00 0 
7fc4a0184000-7fc4a4000000 ---p 00000000 00:00 0 
7fc4a4000000-7fc4a4021000 rw-p 00000000 00:00 0 
7fc4a4021000-7fc4a8000000 ---p 00000000 00:00 0 
7fc4a8000000-7fc4a8021000 rw-p 00000000 00:00 0 
7fc4a8021000-7fc4ac000000 ---p 00000000 00:00 0 
7fc4ac000000-7fc4ac021000 rw-p 00000000 00:00 0 
7fc4ac021000-7fc4b0000000 ---p 00000000 00:00 0 
7fc4b0000000-7fc4b03c9000 rw-p 00000000 00:00 0 
7fc4b03c9000-7fc4b4000000 ---p 00000000 00:00 0 
7fc4b4000000-7fc4b4021000 rw-p 00000000 00:00 0 
7fc4b4021000-7fc4b8000000 ---p 00000000 00:00 0 
7fc4b8000000-7fc4b868b000 rw-p 00000000 00:00 0 
7fc4b868b000-7fc4bc000000 ---p 00000000 00:00 0 
7fc4bc000000-7fc4bc021000 rw-p 00000000 00:00 0 
7fc4bc021000-7fc4c0000000 ---p 00000000 00:00 0 
7fc4c0000000-7fc4c0021000 rw-p 00000000 00:00 0 
7fc4c0021000-7fc4c4000000 ---p 00000000 00:00 0 
7fc4c4000000-7fc4c4021000 rw-p 00000000 00:00 0 
7fc4c4021000-7fc4c8000000 ---p 00000000 00:00 0 
7fc4c8000000-7fc4c8021000 rw-p 00000000 00:00 0 
7fc4c8021000-7fc4cc000000 ---p 00000000 00:00 0 
7fc4cc000000-7fc4cc021000 rw-p 00000000 00:00 0 
7fc4cc021000-7fc4d0000000 ---p 00000000 00:00 0 
7fc4d0000000-7fc4d0021000 rw-p 00000000 00:00 0 
7fc4d0021000-7fc4d4000000 ---p 00000000 00:00 0 
7fc4d4000000-7fc4d4021000 rw-p 00000000 00:00 0 
7fc4d4021000-7fc4d8000000 ---p 00000000 00:00 0 
7fc4d80e1000-7fc4d80e2000 ---p 00000000 00:00 0 
7fc4d80e2000-7fc4d81e3000 rw-p 00000000 00:00 0 
7fc4d81e3000-7fc4d81e4000 ---p 00000000 00:00 0 
7fc4d81e4000-7fc4d82e5000 rw-p 00000000 00:00 0 
7fc4d82e5000-7fc4d82e9000 ---p 00000000 00:00 0 
7fc4d82e9000-7fc4d83e6000 rw-p 00000000 00:00 0 
7fc4d83e6000-7fc4d83eb000 r-xp 00000000 103:05 3541572                   /home/leonardo/.vscode/extensions/redhat.java-1.6.0-linux-x64/jre/17.0.2-linux-x86_64/lib/libmanagement_ext.so
7fc4d83eb000-7fc4d85eb000 ---p 00005000 103:05 3541572                   /home/leonardo/.vscode/extensions/redhat.java-1.6.0-linux-x64/jre/17.0.2-linux-x86_64/lib/libmanagement_ext.so
7fc4d85eb000-7fc4d85ec000 r--p 00005000 103:05 3541572                   /home/leonardo/.vscode/extensions/redhat.java-1.6.0-linux-x64/jre/17.0.2-linux-x86_64/lib/libmanagement_ext.so
7fc4d85ec000-7fc4d85ed000 rw-p 00006000 103:05 3541572                   /home/leonardo/.vscode/extensions/redhat.java-1.6.0-linux-x64/jre/17.0.2-linux-x86_64/lib/libmanagement_ext.so
7fc4d85ed000-7fc4d85f1000 r-xp 00000000 103:05 3541574                   /home/leonardo/.vscode/extensions/redhat.java-1.6.0-linux-x64/jre/17.0.2-linux-x86_64/lib/libmanagement.so
7fc4d85f1000-7fc4d87f0000 ---p 00004000 103:05 3541574                   /home/leonardo/.vscode/extensions/redhat.java-1.6.0-linux-x64/jre/17.0.2-linux-x86_64/lib/libmanagement.so
7fc4d87f0000-7fc4d87f1000 r--p 00003000 103:05 3541574                   /home/leonardo/.vscode/extensions/redhat.java-1.6.0-linux-x64/jre/17.0.2-linux-x86_64/lib/libmanagement.so
7fc4d87f1000-7fc4d87f2000 rw-p 00004000 103:05 3541574                   /home/leonardo/.vscode/extensions/redhat.java-1.6.0-linux-x64/jre/17.0.2-linux-x86_64/lib/libmanagement.so
7fc4d87f2000-7fc4d87f3000 ---p 00000000 00:00 0 
7fc4d87f3000-7fc4d88f4000 rw-p 00000000 00:00 0 
7fc4d88f4000-7fc4d88f5000 ---p 00000000 00:00 0 
7fc4d88f5000-7fc4d89f6000 rw-p 00000000 00:00 0 
7fc4d89f6000-7fc4d89f7000 ---p 00000000 00:00 0 
7fc4d89f7000-7fc4d8af8000 rw-p 00000000 00:00 0 
7fc4d8af8000-7fc4d8af9000 ---p 00000000 00:00 0 
7fc4d8af9000-7fc4d8bfa000 rw-p 00000000 00:00 0 
7fc4d8bfa000-7fc4d8bfb000 ---p 00000000 00:00 0 
7fc4d8bfb000-7fc4d8cfc000 rw-p 00000000 00:00 0 
7fc4d8cfc000-7fc4d8cfd000 ---p 00000000 00:00 0 
7fc4d8cfd000-7fc4d8dfe000 rw-p 00000000 00:00 0 
7fc4d8dfe000-7fc4d8e02000 ---p 00000000 00:00 0 
7fc4d8e02000-7fc4d8eff000 rw-p 00000000 00:00 0 
7fc4d8eff000-7fc4d8f03000 ---p 00000000 00:00 0 
7fc4d8f03000-7fc4d9100000 rw-p 00000000 00:00 0 
7fc4d9100000-7fc4d9200000 rw-p 00000000 00:00 0 
7fc4d9200000-7fc4d9300000 rw-p 00000000 00:00 0 
7fc4d9300000-7fc4d9400000 rw-p 00000000 00:00 0 
7fc4d9400000-7fc4d9500000 rw-p 00000000 00:00 0 
7fc4d9500000-7fc4d9700000 rw-p 00000000 00:00 0 
7fc4d9700000-7fc4d9800000 rw-p 00000000 00:00 0 
7fc4d98ca000-7fc4d98d7000 r-xp 00000000 103:05 3541631                   /home/leonardo/.vscode/extensions/redhat.java-1.6.0-linux-x64/jre/17.0.2-linux-x86_64/lib/libverify.so
7fc4d98d7000-7fc4d9ad6000 ---p 0000d000 103:05 3541631                   /home/leonardo/.vscode/extensions/redhat.java-1.6.0-linux-x64/jre/17.0.2-linux-x86_64/lib/libverify.so
7fc4d9ad6000-7fc4d9ad8000 r--p 0000c000 103:05 3541631                   /home/leonardo/.vscode/extensions/redhat.java-1.6.0-linux-x64/jre/17.0.2-linux-x86_64/lib/libverify.so
7fc4d9ad8000-7fc4d9ad9000 rw-p 0000e000 103:05 3541631                   /home/leonardo/.vscode/extensions/redhat.java-1.6.0-linux-x64/jre/17.0.2-linux-x86_64/lib/libverify.so
7fc4d9ad9000-7fc4d9aee000 r-xp 00000000 103:05 3541594                   /home/leonardo/.vscode/extensions/redhat.java-1.6.0-linux-x64/jre/17.0.2-linux-x86_64/lib/libnet.so
7fc4d9aee000-7fc4d9ced000 ---p 00015000 103:05 3541594                   /home/leonardo/.vscode/extensions/redhat.java-1.6.0-linux-x64/jre/17.0.2-linux-x86_64/lib/libnet.so
7fc4d9ced000-7fc4d9cee000 r--p 00014000 103:05 3541594                   /home/leonardo/.vscode/extensions/redhat.java-1.6.0-linux-x64/jre/17.0.2-linux-x86_64/lib/libnet.so
7fc4d9cee000-7fc4d9cef000 rw-p 00015000 103:05 3541594                   /home/leonardo/.vscode/extensions/redhat.java-1.6.0-linux-x64/jre/17.0.2-linux-x86_64/lib/libnet.so
7fc4d9cef000-7fc4d9d01000 r-xp 00000000 103:05 3541598                   /home/leonardo/.vscode/extensions/redhat.java-1.6.0-linux-x64/jre/17.0.2-linux-x86_64/lib/libnio.so
7fc4d9d01000-7fc4d9f00000 ---p 00012000 103:05 3541598                   /home/leonardo/.vscode/extensions/redhat.java-1.6.0-linux-x64/jre/17.0.2-linux-x86_64/lib/libnio.so
7fc4d9f00000-7fc4d9f01000 r--p 00011000 103:05 3541598                   /home/leonardo/.vscode/extensions/redhat.java-1.6.0-linux-x64/jre/17.0.2-linux-x86_64/lib/libnio.so
7fc4d9f01000-7fc4d9f02000 rw-p 00012000 103:05 3541598                   /home/leonardo/.vscode/extensions/redhat.java-1.6.0-linux-x64/jre/17.0.2-linux-x86_64/lib/libnio.so
7fc4d9f02000-7fc4d9f06000 ---p 00000000 00:00 0 
7fc4d9f06000-7fc4da003000 rw-p 00000000 00:00 0 
7fc4da003000-7fc4da004000 ---p 00000000 00:00 0 
7fc4da004000-7fc4da105000 rw-p 00000000 00:00 0 
7fc4da105000-7fc4da109000 ---p 00000000 00:00 0 
7fc4da109000-7fc4da206000 rw-p 00000000 00:00 0 
7fc4da206000-7fc4da20a000 ---p 00000000 00:00 0 
7fc4da20a000-7fc4da307000 rw-p 00000000 00:00 0 
7fc4da307000-7fc4da30b000 ---p 00000000 00:00 0 
7fc4da30b000-7fc4da408000 rw-p 00000000 00:00 0 
7fc4da408000-7fc4da40c000 ---p 00000000 00:00 0 
7fc4da40c000-7fc4da509000 rw-p 00000000 00:00 0 
7fc4da509000-7fc4da50d000 ---p 00000000 00:00 0 
7fc4da50d000-7fc4da60a000 rw-p 00000000 00:00 0 
7fc4da60a000-7fc4da60e000 ---p 00000000 00:00 0 
7fc4da60e000-7fc4da70b000 rw-p 00000000 00:00 0 
7fc4da70b000-7fc4da70f000 ---p 00000000 00:00 0 
7fc4da70f000-7fc4da80c000 rw-p 00000000 00:00 0 
7fc4da80c000-7fc4daaf3000 r--p 00000000 103:05 6422982                   /usr/lib/locale/locale-archive
7fc4daaf3000-7fc4daaf7000 ---p 00000000 00:00 0 
7fc4daaf7000-7fc4dabf4000 rw-p 00000000 00:00 0 
7fc4dabf4000-7fc4dabf8000 ---p 00000000 00:00 0 
7fc4dabf8000-7fc4dacf5000 rw-p 00000000 00:00 0 
7fc4dacf5000-7fc4dacf6000 ---p 00000000 00:00 0 
7fc4dacf6000-7fc4dadf7000 rw-p 00000000 00:00 0 
7fc4dadf7000-7fc4dadfe000 r-xp 00000000 103:05 3541636                   /home/leonardo/.vscode/extensions/redhat.java-1.6.0-linux-x64/jre/17.0.2-linux-x86_64/lib/libzip.so
7fc4dadfe000-7fc4daffe000 ---p 00007000 103:05 3541636                   /home/leonardo/.vscode/extensions/redhat.java-1.6.0-linux-x64/jre/17.0.2-linux-x86_64/lib/libzip.so
7fc4daffe000-7fc4dafff000 r--p 00007000 103:05 3541636                   /home/leonardo/.vscode/extensions/redhat.java-1.6.0-linux-x64/jre/17.0.2-linux-x86_64/lib/libzip.so
7fc4dafff000-7fc4db000000 rw-p 00008000 103:05 3541636                   /home/leonardo/.vscode/extensions/redhat.java-1.6.0-linux-x64/jre/17.0.2-linux-x86_64/lib/libzip.so
7fc4db000000-7fc4db400000 rw-p 00000000 00:00 0 
7fc4db400000-7fc4db480000 rw-p 00000000 00:00 0 
7fc4db480000-7fc4db500000 rw-p 00000000 00:00 0 
7fc4db500000-7fc4db700000 rw-p 00000000 00:00 0 
7fc4db700000-7fc4db800000 rw-p 00000000 00:00 0 
7fc4db8af000-7fc4db8b3000 ---p 00000000 00:00 0 
7fc4db8b3000-7fc4db8d1000 rw-p 00000000 00:00 0 
7fc4db8d1000-7fc4db8f7000 r--p 00000000 103:05 6428398                   /usr/share/locale/pt_BR/LC_MESSAGES/libc.mo
7fc4db8f7000-7fc4db8f8000 ---p 00000000 00:00 0 
7fc4db8f8000-7fc4db9f9000 rw-p 00000000 00:00 0 
7fc4db9f9000-7fc4db9fa000 ---p 00000000 00:00 0 
7fc4db9fa000-7fc4dc000000 rw-p 00000000 00:00 0 
7fc4dc000000-7fc4dc021000 rw-p 00000000 00:00 0 
7fc4dc021000-7fc4e0000000 ---p 00000000 00:00 0 
7fc4e0000000-7fc4e0021000 rw-p 00000000 00:00 0 
7fc4e0021000-7fc4e4000000 ---p 00000000 00:00 0 
7fc4e4000000-7fc4e4021000 rw-p 00000000 00:00 0 
7fc4e4021000-7fc4e8000000 ---p 00000000 00:00 0 
7fc4e800d000-7fc4ea5ee000 rw-p 00000000 00:00 0 
7fc4ea5ee000-7fc4ea5ef000 ---p 00000000 00:00 0 
7fc4ea5ef000-7fc4ea800000 rw-p 00000000 00:00 0 
7fc4ea800000-7fc4ea828000 ---p 00000000 00:00 0 
7fc4ea828000-7fc4ea850000 rw-p 00000000 00:00 0 
7fc4ea850000-7fc4eaad8000 ---p 00000000 00:00 0 
7fc4eaad8000-7fc4eaae0000 rw-p 00000000 00:00 0 
7fc4eaae0000-7fc4ee578000 ---p 00000000 00:00 0 
7fc4ee578000-7fc4ee688000 rw-p 00000000 00:00 0 
7fc4ee688000-7fc4ee6b0000 ---p 00000000 00:00 0 
7fc4ee6b0000-7fc4ee6d8000 rw-p 00000000 00:00 0 
7fc4ee6d8000-7fc4ee960000 ---p 00000000 00:00 0 
7fc4ee960000-7fc4ee968000 rw-p 00000000 00:00 0 
7fc4ee968000-7fc4f2400000 ---p 00000000 00:00 0 
7fc4f2400000-7fc4f2e70000 rwxp 00000000 00:00 0 
7fc4f2e70000-7fc4f5400000 ---p 00000000 00:00 0 
7fc4f5400000-7fc4f8000000 r--s 00000000 103:05 3541638                   /home/leonardo/.vscode/extensions/redhat.java-1.6.0-linux-x64/jre/17.0.2-linux-x86_64/lib/modules
7fc4f8000000-7fc4f8c9d000 rw-p 00000000 00:00 0 
7fc4f8c9d000-7fc4fc000000 ---p 00000000 00:00 0 
7fc4fc015000-7fc4fc01c000 r--s 00000000 103:05 6425476                   /usr/lib/x86_64-linux-gnu/gconv/gconv-modules.cache
7fc4fc01c000-7fc4fc08e000 rw-p 00000000 00:00 0 
7fc4fc08e000-7fc4fc08f000 ---p 00000000 00:00 0 
7fc4fc08f000-7fc4fc190000 rw-p 00000000 00:00 0 
7fc4fc190000-7fc4fc191000 ---p 00000000 00:00 0 
7fc4fc191000-7fc4fc336000 rw-p 00000000 00:00 0 
7fc4fc336000-7fc4fc33b000 ---p 00000000 00:00 0 
7fc4fc33b000-7fc4fc340000 rw-p 00000000 00:00 0 
7fc4fc340000-7fc4fc391000 ---p 00000000 00:00 0 
7fc4fc391000-7fc4fc392000 rw-p 00000000 00:00 0 
7fc4fc392000-7fc4fcae5000 ---p 00000000 00:00 0 
7fc4fcae5000-7fc4fcb07000 rw-p 00000000 00:00 0 
7fc4fcb07000-7fc4fcb0c000 ---p 00000000 00:00 0 
7fc4fcb0c000-7fc4fcb11000 rw-p 00000000 00:00 0 
7fc4fcb11000-7fc4fcb62000 ---p 00000000 00:00 0 
7fc4fcb62000-7fc4fcb63000 rw-p 00000000 00:00 0 
7fc4fcb63000-7fc4fd2b6000 ---p 00000000 00:00 0 
7fc4fd2b6000-7fc4fd2d8000 rw-p 00000000 00:00 0 
7fc4fd2d8000-7fc4fd2dd000 ---p 00000000 00:00 0 
7fc4fd2dd000-7fc4fd2e2000 rw-p 00000000 00:00 0 
7fc4fd2e2000-7fc4fd333000 ---p 00000000 00:00 0 
7fc4fd333000-7fc4fd334000 rw-p 00000000 00:00 0 
7fc4fd334000-7fc4fda87000 ---p 00000000 00:00 0 
7fc4fda87000-7fc4fe4a6000 rw-p 00000000 00:00 0 
7fc4fe4a6000-7fc4fe4f1000 ---p 00000000 00:00 0 
7fc4fe4f1000-7fc4fe515000 r-xp 00000000 103:05 3541518                   /home/leonardo/.vscode/extensions/redhat.java-1.6.0-linux-x64/jre/17.0.2-linux-x86_64/lib/libjava.so
7fc4fe515000-7fc4fe715000 ---p 00024000 103:05 3541518                   /home/leonardo/.vscode/extensions/redhat.java-1.6.0-linux-x64/jre/17.0.2-linux-x86_64/lib/libjava.so
7fc4fe715000-7fc4fe716000 r--p 00024000 103:05 3541518                   /home/leonardo/.vscode/extensions/redhat.java-1.6.0-linux-x64/jre/17.0.2-linux-x86_64/lib/libjava.so
7fc4fe716000-7fc4fe717000 rw-p 00025000 103:05 3541518                   /home/leonardo/.vscode/extensions/redhat.java-1.6.0-linux-x64/jre/17.0.2-linux-x86_64/lib/libjava.so
7fc4fe717000-7fc4fe718000 rw-p 00000000 00:00 0 
7fc4fe718000-7fc4fe733000 r-xp 00000000 103:05 3541540                   /home/leonardo/.vscode/extensions/redhat.java-1.6.0-linux-x64/jre/17.0.2-linux-x86_64/lib/libjimage.so
7fc4fe733000-7fc4fe932000 ---p 0001b000 103:05 3541540                   /home/leonardo/.vscode/extensions/redhat.java-1.6.0-linux-x64/jre/17.0.2-linux-x86_64/lib/libjimage.so
7fc4fe932000-7fc4fe934000 r--p 0001a000 103:05 3541540                   /home/leonardo/.vscode/extensions/redhat.java-1.6.0-linux-x64/jre/17.0.2-linux-x86_64/lib/libjimage.so
7fc4fe934000-7fc4fe935000 rw-p 0001c000 103:05 3541540                   /home/leonardo/.vscode/extensions/redhat.java-1.6.0-linux-x64/jre/17.0.2-linux-x86_64/lib/libjimage.so
7fc4fe935000-7fc4fe939000 ---p 00000000 00:00 0 
7fc4fe939000-7fc4fea36000 rw-p 00000000 00:00 0 
7fc4fea36000-7fc4fea45000 r--p 00000000 103:05 6423229                   /usr/lib/x86_64-linux-gnu/libm-2.31.so
7fc4fea45000-7fc4feadf000 r-xp 0000f000 103:05 6423229                   /usr/lib/x86_64-linux-gnu/libm-2.31.so
7fc4feadf000-7fc4feb78000 r--p 000a9000 103:05 6423229                   /usr/lib/x86_64-linux-gnu/libm-2.31.so
7fc4feb78000-7fc4feb79000 r--p 00141000 103:05 6423229                   /usr/lib/x86_64-linux-gnu/libm-2.31.so
7fc4feb79000-7fc4feb7a000 rw-p 00142000 103:05 6423229                   /usr/lib/x86_64-linux-gnu/libm-2.31.so
7fc4feb7a000-7fc4feb7d000 r--p 00000000 103:05 6423244                   /usr/lib/x86_64-linux-gnu/librt-2.31.so
7fc4feb7d000-7fc4feb81000 r-xp 00003000 103:05 6423244                   /usr/lib/x86_64-linux-gnu/librt-2.31.so
7fc4feb81000-7fc4feb82000 r--p 00007000 103:05 6423244                   /usr/lib/x86_64-linux-gnu/librt-2.31.so
7fc4feb82000-7fc4feb83000 ---p 00008000 103:05 6423244                   /usr/lib/x86_64-linux-gnu/librt-2.31.so
7fc4feb83000-7fc4feb84000 r--p 00008000 103:05 6423244                   /usr/lib/x86_64-linux-gnu/librt-2.31.so
7fc4feb84000-7fc4feb85000 rw-p 00009000 103:05 6423244                   /usr/lib/x86_64-linux-gnu/librt-2.31.so
7fc4feb85000-7fc4ffe69000 r-xp 00000000 103:05 3542780                   /home/leonardo/.vscode/extensions/redhat.java-1.6.0-linux-x64/jre/17.0.2-linux-x86_64/lib/server/libjvm.so
7fc4ffe69000-7fc500069000 ---p 012e4000 103:05 3542780                   /home/leonardo/.vscode/extensions/redhat.java-1.6.0-linux-x64/jre/17.0.2-linux-x86_64/lib/server/libjvm.so
7fc500069000-7fc500122000 r--p 012e4000 103:05 3542780                   /home/leonardo/.vscode/extensions/redhat.java-1.6.0-linux-x64/jre/17.0.2-linux-x86_64/lib/server/libjvm.so
7fc500122000-7fc500157000 rw-p 0139d000 103:05 3542780                   /home/leonardo/.vscode/extensions/redhat.java-1.6.0-linux-x64/jre/17.0.2-linux-x86_64/lib/server/libjvm.so
7fc500157000-7fc5001b2000 rw-p 00000000 00:00 0 
7fc5001b2000-7fc5001d7000 r--p 00000000 103:05 6422554                   /usr/lib/x86_64-linux-gnu/libc-2.31.so
7fc5001d7000-7fc500322000 r-xp 00025000 103:05 6422554                   /usr/lib/x86_64-linux-gnu/libc-2.31.so
7fc500322000-7fc50036c000 r--p 00170000 103:05 6422554                   /usr/lib/x86_64-linux-gnu/libc-2.31.so
7fc50036c000-7fc50036d000 ---p 001ba000 103:05 6422554                   /usr/lib/x86_64-linux-gnu/libc-2.31.so
7fc50036d000-7fc500370000 r--p 001ba000 103:05 6422554                   /usr/lib/x86_64-linux-gnu/libc-2.31.so
7fc500370000-7fc500373000 rw-p 001bd000 103:05 6422554                   /usr/lib/x86_64-linux-gnu/libc-2.31.so
7fc500373000-7fc500377000 rw-p 00000000 00:00 0 
7fc500377000-7fc500378000 r--p 00000000 103:05 6423228                   /usr/lib/x86_64-linux-gnu/libdl-2.31.so
7fc500378000-7fc50037a000 r-xp 00001000 103:05 6423228                   /usr/lib/x86_64-linux-gnu/libdl-2.31.so
7fc50037a000-7fc50037b000 r--p 00003000 103:05 6423228                   /usr/lib/x86_64-linux-gnu/libdl-2.31.so
7fc50037b000-7fc50037c000 r--p 00003000 103:05 6423228                   /usr/lib/x86_64-linux-gnu/libdl-2.31.so
7fc50037c000-7fc50037d000 rw-p 00004000 103:05 6423228                   /usr/lib/x86_64-linux-gnu/libdl-2.31.so
7fc50037d000-7fc500384000 r--p 00000000 103:05 6423241                   /usr/lib/x86_64-linux-gnu/libpthread-2.31.so
7fc500384000-7fc500394000 r-xp 00007000 103:05 6423241                   /usr/lib/x86_64-linux-gnu/libpthread-2.31.so
7fc500394000-7fc500399000 r--p 00017000 103:05 6423241                   /usr/lib/x86_64-linux-gnu/libpthread-2.31.so
7fc500399000-7fc50039a000 r--p 0001b000 103:05 6423241                   /usr/lib/x86_64-linux-gnu/libpthread-2.31.so
7fc50039a000-7fc50039b000 rw-p 0001c000 103:05 6423241                   /usr/lib/x86_64-linux-gnu/libpthread-2.31.so
7fc50039b000-7fc50039f000 rw-p 00000000 00:00 0 
7fc50039f000-7fc5003ae000 r-xp 00000000 103:05 3541545                   /home/leonardo/.vscode/extensions/redhat.java-1.6.0-linux-x64/jre/17.0.2-linux-x86_64/lib/libjli.so
7fc5003ae000-7fc5005ae000 ---p 0000f000 103:05 3541545                   /home/leonardo/.vscode/extensions/redhat.java-1.6.0-linux-x64/jre/17.0.2-linux-x86_64/lib/libjli.so
7fc5005ae000-7fc5005af000 r--p 0000f000 103:05 3541545                   /home/leonardo/.vscode/extensions/redhat.java-1.6.0-linux-x64/jre/17.0.2-linux-x86_64/lib/libjli.so
7fc5005af000-7fc5005b0000 rw-p 00010000 103:05 3541545                   /home/leonardo/.vscode/extensions/redhat.java-1.6.0-linux-x64/jre/17.0.2-linux-x86_64/lib/libjli.so
7fc5005b0000-7fc5005b3000 r--p 00000000 103:05 6422917                   /usr/lib/x86_64-linux-gnu/libz.so.1.2.11
7fc5005b3000-7fc5005c4000 r-xp 00003000 103:05 6422917                   /usr/lib/x86_64-linux-gnu/libz.so.1.2.11
7fc5005c4000-7fc5005ca000 r--p 00014000 103:05 6422917                   /usr/lib/x86_64-linux-gnu/libz.so.1.2.11
7fc5005ca000-7fc5005cb000 ---p 0001a000 103:05 6422917                   /usr/lib/x86_64-linux-gnu/libz.so.1.2.11
7fc5005cb000-7fc5005cc000 r--p 0001a000 103:05 6422917                   /usr/lib/x86_64-linux-gnu/libz.so.1.2.11
7fc5005cc000-7fc5005cd000 rw-p 0001b000 103:05 6422917                   /usr/lib/x86_64-linux-gnu/libz.so.1.2.11
7fc5005cd000-7fc5005d5000 rw-s 00000000 103:05 4463371                   /tmp/hsperfdata_leonardo/21024
7fc5005d5000-7fc5005d8000 r--p 00000000 103:05 6423238                   /usr/lib/x86_64-linux-gnu/libnss_files-2.31.so
7fc5005d8000-7fc5005df000 r-xp 00003000 103:05 6423238                   /usr/lib/x86_64-linux-gnu/libnss_files-2.31.so
7fc5005df000-7fc5005e1000 r--p 0000a000 103:05 6423238                   /usr/lib/x86_64-linux-gnu/libnss_files-2.31.so
7fc5005e1000-7fc5005e2000 r--p 0000b000 103:05 6423238                   /usr/lib/x86_64-linux-gnu/libnss_files-2.31.so
7fc5005e2000-7fc5005e3000 rw-p 0000c000 103:05 6423238                   /usr/lib/x86_64-linux-gnu/libnss_files-2.31.so
7fc5005e3000-7fc5005e9000 rw-p 00000000 00:00 0 
7fc5005e9000-7fc5005ea000 ---p 00000000 00:00 0 
7fc5005ea000-7fc5005eb000 r--p 00000000 00:00 0 
7fc5005eb000-7fc5005ed000 rw-p 00000000 00:00 0 
7fc5005ed000-7fc5005ee000 r--p 00000000 103:05 6422549                   /usr/lib/x86_64-linux-gnu/ld-2.31.so
7fc5005ee000-7fc50060e000 r-xp 00001000 103:05 6422549                   /usr/lib/x86_64-linux-gnu/ld-2.31.so
7fc50060e000-7fc500616000 r--p 00021000 103:05 6422549                   /usr/lib/x86_64-linux-gnu/ld-2.31.so
7fc500616000-7fc500617000 ---p 00000000 00:00 0 
7fc500617000-7fc500618000 r--p 00029000 103:05 6422549                   /usr/lib/x86_64-linux-gnu/ld-2.31.so
7fc500618000-7fc500619000 rw-p 0002a000 103:05 6422549                   /usr/lib/x86_64-linux-gnu/ld-2.31.so
7fc500619000-7fc50061a000 rw-p 00000000 00:00 0 
7ffe464f4000-7ffe46516000 rw-p 00000000 00:00 0                          [stack]
7ffe46526000-7ffe4652a000 r--p 00000000 00:00 0                          [vvar]
7ffe4652a000-7ffe4652c000 r-xp 00000000 00:00 0                          [vdso]


VM Arguments:
jvm_args: -Dsts.lsp.client=vscode -Dsts.log.file=/dev/null -XX:TieredStopAtLevel=1 -Dspring.config.location=file:/home/leonardo/.vscode/extensions/pivotal.vscode-spring-boot-1.33.0/language-server/BOOT-INF/classes/application.properties 
java_command: org.springframework.ide.vscode.boot.app.BootLanguageServerBootApp
java_class_path (initial): /home/leonardo/.vscode/extensions/pivotal.vscode-spring-boot-1.33.0/language-server/BOOT-INF/classes:/home/leonardo/.vscode/extensions/pivotal.vscode-spring-boot-1.33.0/language-server/BOOT-INF/lib/log4j-api-2.13.3.jar:/home/leonardo/.vscode/extensions/pivotal.vscode-spring-boot-1.33.0/language-server/BOOT-INF/lib/byte-buddy-1.10.18.jar:/home/leonardo/.vscode/extensions/pivotal.vscode-spring-boot-1.33.0/language-server/BOOT-INF/lib/xercesImpl-2.12.0.jar:/home/leonardo/.vscode/extensions/pivotal.vscode-spring-boot-1.33.0/language-server/BOOT-INF/lib/jakarta.annotation-api-1.3.5.jar:/home/leonardo/.vscode/extensions/pivotal.vscode-spring-boot-1.33.0/language-server/BOOT-INF/lib/gson-2.8.6.jar:/home/leonardo/.vscode/extensions/pivotal.vscode-spring-boot-1.33.0/language-server/BOOT-INF/lib/spring-expression-5.2.11.RELEASE.jar:/home/leonardo/.vscode/extensions/pivotal.vscode-spring-boot-1.33.0/language-server/BOOT-INF/lib/org.eclipse.core.contenttype-3.8.100.jar:/home/leonardo/.vscode/extensions/pivotal.vscode-spring-boot-1.33.0/language-server/BOOT-INF/lib/commons-io-2.4.jar:/home/leonardo/.vscode/extensions/pivotal.vscode-spring-boot-1.33.0/language-server/BOOT-INF/lib/spring-boot-autoconfigure-2.3.6.RELEASE.jar:/home/leonardo/.vscode/extensions/pivotal.vscode-spring-boot-1.33.0/language-server/BOOT-INF/lib/spring-jcl-5.2.11.RELEASE.jar:/home/leonardo/.vscode/extensions/pivotal.vscode-spring-boot-1.33.0/language-server/BOOT-INF/lib/spring-core-5.2.11.RELEASE.jar:/home/leonardo/.vscode/extensions/pivotal.vscode-spring-boot-1.33.0/language-server/BOOT-INF/lib/spring-web-5.2.11.RELEASE.jar:/home/leonardo/.vscode/extensions/pivotal.vscode-spring-boot-1.33.0/language-server/BOOT-INF/lib/reactive-streams-1.0.3.jar:/home/leonardo/.vscode/extensions/pivotal.vscode-spring-boot-1.33.0/language-server/BOOT-INF/lib/commons-lsp-extensions-1.33.0-SNAPSHOT.jar:/home/leonardo/.vscode/extensions/pivotal.vscode-spring-boot-1.33.0/language-server/BOOT-INF/lib
Launcher Type: SUN_STANDARD

[Global flags]
     intx CICompilerCount                          = 4                                         {product} {ergonomic}
     uint ConcGCThreads                            = 3                                         {product} {ergonomic}
     uint G1ConcRefinementThreads                  = 10                                        {product} {ergonomic}
   size_t G1HeapRegionSize                         = 2097152                                   {product} {ergonomic}
    uintx GCDrainStackTargetSize                   = 64                                        {product} {ergonomic}
   size_t InitialHeapSize                          = 264241152                                 {product} {ergonomic}
   size_t MarkStackSize                            = 4194304                                   {product} {ergonomic}
   size_t MaxHeapSize                              = 4196401152                                {product} {ergonomic}
   size_t MaxNewSize                               = 2516582400                                {product} {ergonomic}
   size_t MinHeapDeltaBytes                        = 2097152                                   {product} {ergonomic}
   size_t MinHeapSize                              = 8388608                                   {product} {ergonomic}
    uintx NonProfiledCodeHeapSize                  = 0                                      {pd product} {ergonomic}
     bool ProfileInterpreter                       = false                                  {pd product} {command line}
    uintx ProfiledCodeHeapSize                     = 0                                      {pd product} {ergonomic}
   size_t SoftMaxHeapSize                          = 4196401152                             {manageable} {ergonomic}
     intx TieredStopAtLevel                        = 1                                         {product} {command line}
     bool UseCompressedClassPointers               = true                           {product lp64_product} {ergonomic}
     bool UseCompressedOops                        = true                           {product lp64_product} {ergonomic}
     bool UseG1GC                                  = true                                      {product} {ergonomic}

Logging:
Log output configuration:
 #0: stdout all=warning uptime,level,tags
 #1: stderr all=off uptime,level,tags

Environment Variables:
PATH=/home/leonardo/.nvm/versions/node/v18.1.0/bin:/usr/local/bin:/usr/bin:/bin:/usr/local/games:/usr/games
SHELL=/bin/bash
DISPLAY=:0
LANG=pt_BR.UTF-8

Signal Handlers:
   SIGSEGV: crash_handler in libjvm.so, mask=11100100010111111101111111111110, flags=SA_RESTART|SA_SIGINFO
    SIGBUS: crash_handler in libjvm.so, mask=11100100010111111101111111111110, flags=SA_RESTART|SA_SIGINFO
    SIGFPE: crash_handler in libjvm.so, mask=11100100010111111101111111111110, flags=SA_RESTART|SA_SIGINFO
   SIGPIPE: javaSignalHandler in libjvm.so, mask=11100100010111111101111111111110, flags=SA_RESTART|SA_SIGINFO
   SIGXFSZ: javaSignalHandler in libjvm.so, mask=11100100010111111101111111111110, flags=SA_RESTART|SA_SIGINFO
    SIGILL: crash_handler in libjvm.so, mask=11100100010111111101111111111110, flags=SA_RESTART|SA_SIGINFO
   SIGUSR2: SR_handler in libjvm.so, mask=00000000000000000000000000000000, flags=SA_RESTART|SA_SIGINFO
    SIGHUP: UserHandler in libjvm.so, mask=11100100010111111101111111111110, flags=SA_RESTART|SA_SIGINFO
    SIGINT: UserHandler in libjvm.so, mask=11100100010111111101111111111110, flags=SA_RESTART|SA_SIGINFO
   SIGTERM: UserHandler in libjvm.so, mask=11100100010111111101111111111110, flags=SA_RESTART|SA_SIGINFO
   SIGQUIT: UserHandler in libjvm.so, mask=11100100010111111101111111111110, flags=SA_RESTART|SA_SIGINFO
   SIGTRAP: crash_handler in libjvm.so, mask=11100100010111111101111111111110, flags=SA_RESTART|SA_SIGINFO


---------------  S Y S T E M  ---------------

OS:
PRETTY_NAME="Debian GNU/Linux 11 (bullseye)"
NAME="Debian GNU/Linux"
VERSION_ID="11"
VERSION="11 (bullseye)"
VERSION_CODENAME=bullseye
ID=debian
HOME_URL="https://www.debian.org/"
SUPPORT_URL="https://www.debian.org/support"
BUG_REPORT_URL="https://bugs.debian.org/"
uname: Linux 5.10.0-14-amd64 #1 SMP Debian 5.10.113-1 (2022-04-29) x86_64
OS uptime: 0 days 2:07 hours
libc: glibc 2.31 NPTL 2.31 
rlimit (soft/hard): STACK 8192k/infinity , CORE 0k/infinity , NPROC 63503/63503 , NOFILE 1048576/1048576 , AS infinity/infinity , CPU infinity/infinity , DATA infinity/infinity , FSIZE infinity/infinity , MEMLOCK 2048192k/2048192k
load average: 0,41 0,52 0,58

/proc/meminfo:
MemTotal:       16385536 kB
MemFree:         5819652 kB
MemAvailable:   10439792 kB
Buffers:          247328 kB
Cached:          4470392 kB
SwapCached:            0 kB
Active:          1392408 kB
Inactive:        7659152 kB
Active(anon):       6400 kB
Inactive(anon):  4440184 kB
Active(file):    1386008 kB
Inactive(file):  3218968 kB
Unevictable:          96 kB
Mlocked:              96 kB
SwapTotal:       1000444 kB
SwapFree:        1000444 kB
Dirty:              2772 kB
Writeback:             0 kB
AnonPages:       4158880 kB
Mapped:           993676 kB
Shmem:            112692 kB
KReclaimable:     351128 kB
Slab:             493748 kB
SReclaimable:     351128 kB
SUnreclaim:       142620 kB
KernelStack:       23248 kB
PageTables:        46432 kB
NFS_Unstable:          0 kB
Bounce:                0 kB
WritebackTmp:          0 kB
CommitLimit:     9193212 kB
Committed_AS:   12191084 kB
VmallocTotal:   34359738367 kB
VmallocUsed:       46152 kB
VmallocChunk:          0 kB
Percpu:            33024 kB
HardwareCorrupted:     0 kB
AnonHugePages:   1626112 kB
ShmemHugePages:        0 kB
ShmemPmdMapped:        0 kB
FileHugePages:         0 kB
FilePmdMapped:         0 kB
HugePages_Total:       0
HugePages_Free:        0
HugePages_Rsvd:        0
HugePages_Surp:        0
Hugepagesize:       2048 kB
Hugetlb:               0 kB
DirectMap4k:     1104536 kB
DirectMap2M:    12462080 kB
DirectMap1G:     4194304 kB

/sys/kernel/mm/transparent_hugepage/enabled: [always] madvise never
/sys/kernel/mm/transparent_hugepage/defrag (defrag/compaction efforts parameter): always defer defer+madvise [madvise] never

Process Memory:
Virtual Size: 8442768K (peak: 8504292K)
Resident Set Size: 222200K (peak: 228436K) (anon: 192328K, file: 29872K, shmem: 0K)
Swapped out: 0K
C-Heap outstanding allocations: 20530K

/proc/sys/kernel/threads-max (system-wide limit on the number of threads): 127007
/proc/sys/vm/max_map_count (maximum number of memory map areas a process may have): 65530
/proc/sys/kernel/pid_max (system-wide limit on number of process identifiers): 4194304

container (cgroup) information:
container_type: cgroupv2
cpu_cpuset_cpus: not supported
cpu_memory_nodes: not supported
active_processor_count: 12
cpu_quota: not supported
cpu_period: not supported
cpu_shares: not supported
memory_limit_in_bytes: unlimited
memory_and_swap_limit_in_bytes: unlimited
memory_soft_limit_in_bytes: unlimited
memory_usage_in_bytes: 2607783936
memory_max_usage_in_bytes: not supported

Steal ticks since vm start: 0
Steal ticks percentage since vm start:  0,000

CPU: total 12 (initial active 12) (12 cores per cpu, 2 threads per core) family 23 model 113 stepping 0 microcode 0x8701013, cx8, cmov, fxsr, ht, mmx, 3dnowpref, sse, sse2, sse3, ssse3, sse4a, sse4.1, sse4.2, popcnt, lzcnt, tsc, tscinvbit, avx, avx2, aes, clmul, bmi1, bmi2, adx, sha, fma, vzeroupper, clflush, clflushopt
CPU Model and flags from /proc/cpuinfo:
model name	: AMD Ryzen 5 3600 6-Core Processor
flags		: fpu vme de pse tsc msr pae mce cx8 apic sep mtrr pge mca cmov pat pse36 clflush mmx fxsr sse sse2 ht syscall nx mmxext fxsr_opt pdpe1gb rdtscp lm constant_tsc rep_good nopl nonstop_tsc cpuid extd_apicid aperfmperf pni pclmulqdq monitor ssse3 fma cx16 sse4_1 sse4_2 movbe popcnt aes xsave avx f16c rdrand lahf_lm cmp_legacy svm extapic cr8_legacy abm sse4a misalignsse 3dnowprefetch osvw ibs skinit wdt tce topoext perfctr_core perfctr_nb bpext perfctr_llc mwaitx cpb cat_l3 cdp_l3 hw_pstate sme ssbd mba sev ibpb stibp vmmcall sev_es fsgsbase bmi1 avx2 smep bmi2 cqm rdt_a rdseed adx smap clflushopt clwb sha_ni xsaveopt xsavec xgetbv1 xsaves cqm_llc cqm_occup_llc cqm_mbm_total cqm_mbm_local clzero irperf xsaveerptr rdpru wbnoinvd arat npt lbrv svm_lock nrip_save tsc_scale vmcb_clean flushbyasid decodeassists pausefilter pfthreshold avic v_vmsave_vmload vgif umip rdpid overflow_recov succor smca

Online cpus: 0-11
Offline cpus: 12-31
BIOS frequency limitation: 3600000
Frequency switch latency (ns): 0
Available cpu frequencies: 3600000 2800000 2200000 
Current governor: schedutil
Core performance/turbo boost: 1

Memory: 4k page, physical 16385536k(5819652k free), swap 1000444k(1000444k free)
Page Sizes: 4k

vm_info: OpenJDK 64-Bit Server VM (17.0.2+8) for linux-amd64 JRE (17.0.2+8), built on Jan 20 2022 09:56:58 by "" with gcc 7.5.0

END.
